Login {"username":"lawaty","password":"lawaty10"} 200 success 2023-02-10 01:55 2023-02-10 01:55 ::1 0

Login {"username":"lawaty","password":"lawaty10"} 200 success 2023-02-10 01:56 2023-02-10 01:56 ::1 0

Login {"username":"lawaty","password":"lawaty10"} 500 "Invalid Filter Key password for entity of type User" 2023-02-10 02:01 2023-02-10 02:01 ::1 0

Login {"username":"lawaty","password":"lawaty10"} 401 "Wrong username or password" 2023-02-10 02:05 2023-02-10 02:05 ::1 0

Login {"username":"lawaty","password":"lawaty10"} 401 "Wrong username or password" 2023-02-10 02:05 2023-02-10 02:05 ::1 0

Login {"username":"lawaty","password":"lawaty10"} 200 success 2023-02-10 02:06 2023-02-10 02:06 ::1 0

Login {"username":"lawaty","password":"lawaty1"} 401 "Wrong username or password" 2023-02-10 02:06 2023-02-10 02:06 ::1 0

Login {"username":"lawaty","password":"lawaty10"} 200 success 2023-02-10 02:06 2023-02-10 02:06 ::1 0

Login {"username":"lawaty","password":"lawaty10"} 200 success 2023-02-10 02:07 2023-02-10 02:07 ::1 0

Login {"username":"lawaty","password":"lawaty10"} 200 success 2023-02-10 10:07 2023-02-10 10:07 ::1 0

Register {"username":"lawaty","password":"lawaty10","email":"abdelrahmanlawaty@gmail.com"} 500 "SQLSTATE[23000]: Integrity constraint violation: 19 NOT NULL constraint failed: users.password" 2023-02-10 10:16 2023-02-10 10:16 ::1 0

Login {"username":"lawaty","password":"lawaty10"} 200 success 2023-02-10 10:41 2023-02-10 10:41 ::1 0

Login {"username":"lawaty","password":"lawaty1"} 401 "Wrong username or password" 2023-02-10 10:41 2023-02-10 10:41 ::1 0

Login {"username":"lawaty","password":"lawaty10"} 200 success 2023-02-10 10:42 2023-02-10 10:42 ::1 0

Login {"username":"lawaty","password":"lawaty10"} 200 success 2023-02-10 10:43 2023-02-10 10:43 ::1 0

Login {"username":"lawaty","password":"lawaty10"} 200 success 2023-02-10 10:44 2023-02-10 10:44 ::1 0

Login {"username":"lawaty","password":"lawaty10"} 200 success 2023-02-10 10:45 2023-02-10 10:45 ::1 0

Login {"username":"lawaty","password":"lawaty10"} 200 success 2023-02-10 10:46 2023-02-10 10:46 ::1 0

Login {"username":"lawaty","password":"lawaty10"} 200 success 2023-02-10 10:49 2023-02-10 10:49 ::1 0

Login {"username":"lawaty","password":"lawaty10"} 200 success 2023-02-10 10:49 2023-02-10 10:49 ::1 0

Login {"username":"lawaty","password":"lawaty10"} 200 success 2023-02-10 10:51 2023-02-10 10:51 ::1 0

Register {"username":"lawaty","password":"lawaty10","email":"abdelrahmanlawaty@gmail.com"} 409 "Username or email already exists" 2023-02-10 10:53 2023-02-10 10:53 ::1 0

Register {"username":"lawaty","password":"lawaty10","email":"abdelrahmanlawa2ty@gmail.com"} 409 "Username or email already exists" 2023-02-10 10:53 2023-02-10 10:53 ::1 0

Register {"username":"lawatys","password":"lawaty10","email":"abdelrahmanlawaty@gmail.com"} 409 "Username or email already exists" 2023-02-10 10:53 2023-02-10 10:53 ::1 0

Register {"username":"lawatys","password":"lawaty10","email":"abdelrahmanlawsaty@gmail.com"} 204 success 2023-02-10 10:53 2023-02-10 10:53 ::1 0

Register {"username":"lawatys","password":"lawaty10","email":"abdelrahmanlawsaty@gmail.com"} 409 "Username or email already exists" 2023-02-10 10:57 2023-02-10 10:57 ::1 0

Register {"username":"lawatyss","password":"lawaty10","email":"abdelrahmanslawsaty@gmail.com"} 204 success 2023-02-10 10:57 2023-02-10 10:57 ::1 0

Register {"username":"lawatyss","password":"lawaty10","email":"abdelrahmanslawsaty@gmail.com"} 409 "Username or email already exists" 2023-02-10 11:01 2023-02-10 11:01 ::1 0

Register {"username":"lawatsyss","password":"lawaty10","email":"abdelrahmanslawssaty@gmail.com"} 204 success 2023-02-10 11:01 2023-02-10 11:01 ::1 0

Register {"username":"lawatssyss","password":"lawaty10","email":"abdelrahmanslawssaty@gmail.coms"} 204 success 2023-02-10 11:01 2023-02-10 11:01 ::1 0

Register {"username":"lawatssyss","password":"lawaty10","email":"abdelrahmanslawssaty@gmail.coms"} 409 "Username or email already exists" 2023-02-10 11:03 2023-02-10 11:03 ::1 0

Register {"username":"lawatsssyss","password":"lawaty10","email":"abdelrahmasnslawssaty@gmail.coms"} 204 success 2023-02-10 11:03 2023-02-10 11:03 ::1 0

Register {"username":"lawatyssssssss","password":"lawaty10","email":"adssss@adssss.asdddddd"} 204 success 2023-02-10 11:06 2023-02-10 11:06 ::1 0

Register {"username":"lawatyasdkasasd","password":"asdasdasdasd","email":"lol@lol.lol"} 204 success 2023-02-10 11:08 2023-02-10 11:08 ::1 0

Register {"username":"lawatyssssssss","password":"lawaty10","email":"abdelrahmaasdasdasdadsnlawaty@gmail.com"} 409 "Username or email already exists" 2023-02-10 11:09 2023-02-10 11:09 ::1 0

Register {"username":"lawatyssssssssdasads","password":"lawaty10","email":"abdelrahmaasdasdasdadsnlawaty@gmail.com"} 204 success 2023-02-10 11:09 2023-02-10 11:09 ::1 0

Register {"username":"lawatyssssssssdasads","password":"lawaty10","email":"abdelrahmaasdasdasdadsnlawaty@gmail.com"} 409 "Username or email already exists" 2023-02-10 11:09 2023-02-10 11:09 ::1 0

Register {"username":"lawatysssssssasdsdasads","password":"lawaty10","email":"abdelrahmaasdasdsdaasdadsnlawaty@gmail.com"} 204 success 2023-02-10 11:09 2023-02-10 11:09 ::1 0

Register {"username":"dasdadad","password":"asdadadsads","email":"asdads@adasd.dasasd"} 204 success 2023-02-10 11:10 2023-02-10 11:10 ::1 0

Login {"username":"lawaty","password":"lawaty10"} 200 success 2023-02-10 11:11 2023-02-10 11:11 ::1 0

Not Found [] 404 "Endpoint Not Found" 2023-02-10 11:35 2023-02-10 11:35 ::1 0

GetProjects [] 400 "Invalid Parameter: parameter 'token' is not found" 2023-02-10 11:36 2023-02-10 11:36 ::1 0

Login {"username":"lawaty","password":"lawaty10"} 200 success 2023-02-10 12:15 2023-02-10 12:15 ::1 0

GetProjects {"token":"eyJ0eXAiOiJKV1QiLCJhbGciOiJIUzI1NiJ9.eyJpZCI6MX0.4hZkYAXrV6LTpeAAYb1vNszEAEopbqThZcFNllKZJoc"} 204 success 2023-02-10 12:15 2023-02-10 12:15 ::1 1

GetProjects {"token":"eyJ0eXAiOiJKV1QiLCJhbGciOiJIUzI1NiJ9.eyJpZCI6MX0.4hZkYAXrV6LTpeAAYb1vNszEAEopbqThZcFNllKZJoc"} 204 success 2023-02-10 13:10 2023-02-10 13:10 ::1 1

GetProjects {"token":"eyJ0eXAiOiJKV1QiLCJhbGciOiJIUzI1NiJ9.eyJpZCI6MX0.4hZkYAXrV6LTpeAAYb1vNszEAEopbqThZcFNllKZJoc"} 204 success 2023-02-10 13:11 2023-02-10 13:11 ::1 1

GetProjects {"token":""} 400 "Invalid Parameter: token" 2023-02-10 13:11 2023-02-10 13:11 ::1 0

GetProjects {"token":"eyJ0eXAiOiJKV1QiLCJhbGciOiJIUzI1NiJ9.eyJpZCI6MX0.4hZkYAXrV6LTpeAAYb1vNszEAEopbqThZcFNllKZJoc"} 204 success 2023-02-10 13:12 2023-02-10 13:12 ::1 1

GetProjects {"token":"eyJ0eXAiOiJKV1QiLCJhbGciOiJIUzI1NiJ9.eyJpZCI6MX0.4hZkYAXrV6LTpeAAYb1vNszEAEopbqThZcFNllKZJoc"} 204 success 2023-02-10 13:12 2023-02-10 13:12 ::1 1

GetProjects {"token":"eyJ0eXAiOiJKV1QiLCJhbGciOiJIUzI1NiJ9.eyJpZCI6MX0.4hZkYAXrV6LTpeAAYb1vNszEAEopbqThZcFNllKZJoc"} 204 success 2023-02-10 13:12 2023-02-10 13:12 ::1 1

GetProjects {"token":"eyJ0eXAiOiJKV1QiLCJhbGciOiJIUzI1NiJ9.eyJpZCI6MX0.4hZkYAXrV6LTpeAAYb1vNszEAEopbqThZcFNllKZJoc"} 204 success 2023-02-10 13:13 2023-02-10 13:13 ::1 1

GetProjects {"token":"eyJ0eXAiOiJKV1QiLCJhbGciOiJIUzI1NiJ9.eyJpZCI6MX0.4hZkYAXrV6LTpeAAYb1vNszEAEopbqThZcFNllKZJoc"} 204 success 2023-02-10 13:29 2023-02-10 13:29 ::1 1

GetProjects {"token":"eyJ0eXAiOiJKV1QiLCJhbGciOiJIUzI1NiJ9.eyJpZCI6MX0.4hZkYAXrV6LTpeAAYb1vNszEAEopbqThZcFNllKZJoc"} 204 success 2023-02-10 13:31 2023-02-10 13:31 ::1 1

GetProjects {"token":"eyJ0eXAiOiJKV1QiLCJhbGciOiJIUzI1NiJ9.eyJpZCI6MX0.4hZkYAXrV6LTpeAAYb1vNszEAEopbqThZcFNllKZJoc"} 204 success 2023-02-10 13:31 2023-02-10 13:31 ::1 1

GetProjects {"token":"eyJ0eXAiOiJKV1QiLCJhbGciOiJIUzI1NiJ9.eyJpZCI6MX0.4hZkYAXrV6LTpeAAYb1vNszEAEopbqThZcFNllKZJoc"} 204 success 2023-02-10 13:32 2023-02-10 13:32 ::1 1

GetProjects {"token":"eyJ0eXAiOiJKV1QiLCJhbGciOiJIUzI1NiJ9.eyJpZCI6MX0.4hZkYAXrV6LTpeAAYb1vNszEAEopbqThZcFNllKZJoc"} 204 success 2023-02-10 13:32 2023-02-10 13:32 ::1 1

GetProjects {"token":"eyJ0eXAiOiJKV1QiLCJhbGciOiJIUzI1NiJ9.eyJpZCI6MX0.4hZkYAXrV6LTpeAAYb1vNszEAEopbqThZcFNllKZJoc"} 204 success 2023-02-10 13:32 2023-02-10 13:32 ::1 1

Create {"name":"caian","color":"#000000"} 400 "Invalid Parameter: parameter 'token' is not found" 2023-02-10 13:32 2023-02-10 13:32 ::1 0

GetProjects {"token":"eyJ0eXAiOiJKV1QiLCJhbGciOiJIUzI1NiJ9.eyJpZCI6MX0.4hZkYAXrV6LTpeAAYb1vNszEAEopbqThZcFNllKZJoc"} 204 success 2023-02-10 15:40 2023-02-10 15:40 ::1 1

Create {"token":"eyJ0eXAiOiJKV1QiLCJhbGciOiJIUzI1NiJ9.eyJpZCI6MX0.4hZkYAXrV6LTpeAAYb1vNszEAEopbqThZcFNllKZJoc","name":"caian","color":"#000000"} 200 success 2023-02-10 15:40 2023-02-10 15:40 ::1 1

Create {"token":"eyJ0eXAiOiJKV1QiLCJhbGciOiJIUzI1NiJ9.eyJpZCI6MX0.4hZkYAXrV6LTpeAAYb1vNszEAEopbqThZcFNllKZJoc","name":"caian","color":"#000000"} 409 "user_id" 2023-02-10 15:41 2023-02-10 15:41 ::1 1

Create {"token":"eyJ0eXAiOiJKV1QiLCJhbGciOiJIUzI1NiJ9.eyJpZCI6MX0.4hZkYAXrV6LTpeAAYb1vNszEAEopbqThZcFNllKZJoc","name":"caian","color":"#000000"} 409 "user_id" 2023-02-10 15:42 2023-02-10 15:42 ::1 1

Create {"token":"eyJ0eXAiOiJKV1QiLCJhbGciOiJIUzI1NiJ9.eyJpZCI6MX0.4hZkYAXrV6LTpeAAYb1vNszEAEopbqThZcFNllKZJoc","name":"caian","color":"#000000"} 409 "user_id, color" 2023-02-10 15:52 2023-02-10 15:52 ::1 1

Create {"token":"eyJ0eXAiOiJKV1QiLCJhbGciOiJIUzI1NiJ9.eyJpZCI6MX0.4hZkYAXrV6LTpeAAYb1vNszEAEopbqThZcFNllKZJoc","name":"caian","color":"#000000"} 409 "user_id, color" 2023-02-10 15:52 2023-02-10 15:52 ::1 1

Create {"token":"eyJ0eXAiOiJKV1QiLCJhbGciOiJIUzI1NiJ9.eyJpZCI6MX0.4hZkYAXrV6LTpeAAYb1vNszEAEopbqThZcFNllKZJoc","name":"caian","color":"#843333"} 409 "user_id, name" 2023-02-10 15:53 2023-02-10 15:53 ::1 1

GetProjects {"token":"eyJ0eXAiOiJKV1QiLCJhbGciOiJIUzI1NiJ9.eyJpZCI6MX0.4hZkYAXrV6LTpeAAYb1vNszEAEopbqThZcFNllKZJoc"} 200 success 2023-02-10 15:54 2023-02-10 15:54 ::1 1

GetProjects {"token":"eyJ0eXAiOiJKV1QiLCJhbGciOiJIUzI1NiJ9.eyJpZCI6MX0.4hZkYAXrV6LTpeAAYb1vNszEAEopbqThZcFNllKZJoc"} 200 success 2023-02-10 15:55 2023-02-10 15:55 ::1 1

Create {"token":"eyJ0eXAiOiJKV1QiLCJhbGciOiJIUzI1NiJ9.eyJpZCI6MX0.4hZkYAXrV6LTpeAAYb1vNszEAEopbqThZcFNllKZJoc","name":"Nplanet","color":"#063e98"} 400 "Invalid Parameter: color" 2023-02-10 15:56 2023-02-10 15:56 ::1 0

Create {"token":"eyJ0eXAiOiJKV1QiLCJhbGciOiJIUzI1NiJ9.eyJpZCI6MX0.4hZkYAXrV6LTpeAAYb1vNszEAEopbqThZcFNllKZJoc","name":"Nplanet","color":"#063e98"} 200 success 2023-02-10 15:59 2023-02-10 15:59 ::1 1

GetProjects {"token":"eyJ0eXAiOiJKV1QiLCJhbGciOiJIUzI1NiJ9.eyJpZCI6MX0.4hZkYAXrV6LTpeAAYb1vNszEAEopbqThZcFNllKZJoc"} 200 success 2023-02-10 16:00 2023-02-10 16:00 ::1 1

GetProjects {"token":"eyJ0eXAiOiJKV1QiLCJhbGciOiJIUzI1NiJ9.eyJpZCI6MX0.4hZkYAXrV6LTpeAAYb1vNszEAEopbqThZcFNllKZJoc"} 200 success 2023-02-10 16:01 2023-02-10 16:01 ::1 1

Create {"token":"eyJ0eXAiOiJKV1QiLCJhbGciOiJIUzI1NiJ9.eyJpZCI6MX0.4hZkYAXrV6LTpeAAYb1vNszEAEopbqThZcFNllKZJoc","name":"Engineering","color":"#c70000"} 200 success 2023-02-10 16:02 2023-02-10 16:02 ::1 1

GetProjects {"token":"eyJ0eXAiOiJKV1QiLCJhbGciOiJIUzI1NiJ9.eyJpZCI6MX0.4hZkYAXrV6LTpeAAYb1vNszEAEopbqThZcFNllKZJoc"} 200 success 2023-02-10 16:08 2023-02-10 16:08 ::1 1

GetProjects {"token":"eyJ0eXAiOiJKV1QiLCJhbGciOiJIUzI1NiJ9.eyJpZCI6MX0.4hZkYAXrV6LTpeAAYb1vNszEAEopbqThZcFNllKZJoc"} 200 success 2023-02-10 16:59 2023-02-10 16:59 ::1 1

GetProjects {"token":"eyJ0eXAiOiJKV1QiLCJhbGciOiJIUzI1NiJ9.eyJpZCI6MX0.4hZkYAXrV6LTpeAAYb1vNszEAEopbqThZcFNllKZJoc"} 200 success 2023-02-10 16:59 2023-02-10 16:59 ::1 1

GetProjects {"token":"eyJ0eXAiOiJKV1QiLCJhbGciOiJIUzI1NiJ9.eyJpZCI6MX0.4hZkYAXrV6LTpeAAYb1vNszEAEopbqThZcFNllKZJoc"} 200 success 2023-02-10 17:00 2023-02-10 17:00 ::1 1

GetProjects {"token":"eyJ0eXAiOiJKV1QiLCJhbGciOiJIUzI1NiJ9.eyJpZCI6MX0.4hZkYAXrV6LTpeAAYb1vNszEAEopbqThZcFNllKZJoc"} 200 success 2023-02-10 17:00 2023-02-10 17:00 ::1 1

GetProjects {"token":"eyJ0eXAiOiJKV1QiLCJhbGciOiJIUzI1NiJ9.eyJpZCI6MX0.4hZkYAXrV6LTpeAAYb1vNszEAEopbqThZcFNllKZJoc"} 200 success 2023-02-10 17:01 2023-02-10 17:01 ::1 1

GetProjects {"token":"eyJ0eXAiOiJKV1QiLCJhbGciOiJIUzI1NiJ9.eyJpZCI6MX0.4hZkYAXrV6LTpeAAYb1vNszEAEopbqThZcFNllKZJoc"} 200 success 2023-02-10 17:01 2023-02-10 17:01 ::1 1

Delete {"project_id":"1"} 400 "Invalid Parameter: parameter 'token' is not found" 2023-02-10 17:01 2023-02-10 17:01 ::1 0

GetProjects {"token":"eyJ0eXAiOiJKV1QiLCJhbGciOiJIUzI1NiJ9.eyJpZCI6MX0.4hZkYAXrV6LTpeAAYb1vNszEAEopbqThZcFNllKZJoc"} 200 success 2023-02-10 17:01 2023-02-10 17:01 ::1 1

Create {"token":"eyJ0eXAiOiJKV1QiLCJhbGciOiJIUzI1NiJ9.eyJpZCI6MX0.4hZkYAXrV6LTpeAAYb1vNszEAEopbqThZcFNllKZJoc","name":"caian","color":"#ff0000"} 409 "user_id, name" 2023-02-10 17:42 2023-02-10 17:42 ::1 1

GetProjects {"token":"eyJ0eXAiOiJKV1QiLCJhbGciOiJIUzI1NiJ9.eyJpZCI6MX0.4hZkYAXrV6LTpeAAYb1vNszEAEopbqThZcFNllKZJoc"} 200 success 2023-02-10 17:42 2023-02-10 17:42 ::1 1

Delete {"token":"eyJ0eXAiOiJKV1QiLCJhbGciOiJIUzI1NiJ9.eyJpZCI6MX0.4hZkYAXrV6LTpeAAYb1vNszEAEopbqThZcFNllKZJoc","project_id":"2"} 500 "SQLSTATE[HY000]: General error: 1 incomplete input" 2023-02-10 17:44 2023-02-10 17:44 ::1 1

Delete {"token":"eyJ0eXAiOiJKV1QiLCJhbGciOiJIUzI1NiJ9.eyJpZCI6MX0.4hZkYAXrV6LTpeAAYb1vNszEAEopbqThZcFNllKZJoc","project_id":"2"} 500 "SQLSTATE[HY000]: General error: 1 incomplete input" 2023-02-10 17:46 2023-02-10 17:46 ::1 1

Delete {"token":"eyJ0eXAiOiJKV1QiLCJhbGciOiJIUzI1NiJ9.eyJpZCI6MX0.4hZkYAXrV6LTpeAAYb1vNszEAEopbqThZcFNllKZJoc","project_id":"2"} 204 success 2023-02-10 17:47 2023-02-10 17:47 ::1 1

GetProjects {"token":"eyJ0eXAiOiJKV1QiLCJhbGciOiJIUzI1NiJ9.eyJpZCI6MX0.4hZkYAXrV6LTpeAAYb1vNszEAEopbqThZcFNllKZJoc"} 200 success 2023-02-10 17:48 2023-02-10 17:48 ::1 1

Delete {"token":"eyJ0eXAiOiJKV1QiLCJhbGciOiJIUzI1NiJ9.eyJpZCI6MX0.4hZkYAXrV6LTpeAAYb1vNszEAEopbqThZcFNllKZJoc","project_id":"1"} 204 success 2023-02-10 17:48 2023-02-10 17:48 ::1 1

GetProjects {"token":"eyJ0eXAiOiJKV1QiLCJhbGciOiJIUzI1NiJ9.eyJpZCI6MX0.4hZkYAXrV6LTpeAAYb1vNszEAEopbqThZcFNllKZJoc"} 200 success 2023-02-10 17:48 2023-02-10 17:48 ::1 1

GetProjects {"token":"eyJ0eXAiOiJKV1QiLCJhbGciOiJIUzI1NiJ9.eyJpZCI6MX0.4hZkYAXrV6LTpeAAYb1vNszEAEopbqThZcFNllKZJoc"} 200 success 2023-02-10 17:48 2023-02-10 17:48 ::1 1

Delete {"token":"eyJ0eXAiOiJKV1QiLCJhbGciOiJIUzI1NiJ9.eyJpZCI6MX0.4hZkYAXrV6LTpeAAYb1vNszEAEopbqThZcFNllKZJoc","project_id":"3"} 204 success 2023-02-10 17:48 2023-02-10 17:48 ::1 1

Create {"token":"eyJ0eXAiOiJKV1QiLCJhbGciOiJIUzI1NiJ9.eyJpZCI6MX0.4hZkYAXrV6LTpeAAYb1vNszEAEopbqThZcFNllKZJoc","name":"caian","color":"#ff0000"} 200 success 2023-02-10 17:48 2023-02-10 17:48 ::1 1

GetProjects {"token":"eyJ0eXAiOiJKV1QiLCJhbGciOiJIUzI1NiJ9.eyJpZCI6MX0.4hZkYAXrV6LTpeAAYb1vNszEAEopbqThZcFNllKZJoc"} 200 success 2023-02-10 17:49 2023-02-10 17:49 ::1 1

Delete {"token":"eyJ0eXAiOiJKV1QiLCJhbGciOiJIUzI1NiJ9.eyJpZCI6MX0.4hZkYAXrV6LTpeAAYb1vNszEAEopbqThZcFNllKZJoc","project_id":"4"} 204 success 2023-02-10 17:49 2023-02-10 17:49 ::1 1

Create {"token":"eyJ0eXAiOiJKV1QiLCJhbGciOiJIUzI1NiJ9.eyJpZCI6MX0.4hZkYAXrV6LTpeAAYb1vNszEAEopbqThZcFNllKZJoc","name":"caian","color":"#fa0000"} 200 success 2023-02-10 17:49 2023-02-10 17:49 ::1 1

GetProjects {"token":"eyJ0eXAiOiJKV1QiLCJhbGciOiJIUzI1NiJ9.eyJpZCI6MX0.4hZkYAXrV6LTpeAAYb1vNszEAEopbqThZcFNllKZJoc"} 200 success 2023-02-10 17:49 2023-02-10 17:49 ::1 1

Delete {"token":"eyJ0eXAiOiJKV1QiLCJhbGciOiJIUzI1NiJ9.eyJpZCI6MX0.4hZkYAXrV6LTpeAAYb1vNszEAEopbqThZcFNllKZJoc","project_id":"5"} 204 success 2023-02-10 17:50 2023-02-10 17:50 ::1 1

Create {"token":"eyJ0eXAiOiJKV1QiLCJhbGciOiJIUzI1NiJ9.eyJpZCI6MX0.4hZkYAXrV6LTpeAAYb1vNszEAEopbqThZcFNllKZJoc","name":"caian","color":"#ff0000"} 200 success 2023-02-10 17:50 2023-02-10 17:50 ::1 1

GetProjects {"token":"eyJ0eXAiOiJKV1QiLCJhbGciOiJIUzI1NiJ9.eyJpZCI6MX0.4hZkYAXrV6LTpeAAYb1vNszEAEopbqThZcFNllKZJoc"} 200 success 2023-02-10 17:50 2023-02-10 17:50 ::1 1

Create {"token":"eyJ0eXAiOiJKV1QiLCJhbGciOiJIUzI1NiJ9.eyJpZCI6MX0.4hZkYAXrV6LTpeAAYb1vNszEAEopbqThZcFNllKZJoc","name":"Quantos","color":"#379e00"} 200 success 2023-02-10 17:51 2023-02-10 17:51 ::1 1

GetProjects {"token":"eyJ0eXAiOiJKV1QiLCJhbGciOiJIUzI1NiJ9.eyJpZCI6MX0.4hZkYAXrV6LTpeAAYb1vNszEAEopbqThZcFNllKZJoc"} 200 success 2023-02-10 17:51 2023-02-10 17:51 ::1 1

GetProjects {"token":"eyJ0eXAiOiJKV1QiLCJhbGciOiJIUzI1NiJ9.eyJpZCI6MX0.4hZkYAXrV6LTpeAAYb1vNszEAEopbqThZcFNllKZJoc"} 200 success 2023-02-10 17:52 2023-02-10 17:52 ::1 1

GetProjects {"token":"eyJ0eXAiOiJKV1QiLCJhbGciOiJIUzI1NiJ9.eyJpZCI6MX0.4hZkYAXrV6LTpeAAYb1vNszEAEopbqThZcFNllKZJoc"} 200 success 2023-02-10 17:52 2023-02-10 17:52 ::1 1

GetProjects {"token":"eyJ0eXAiOiJKV1QiLCJhbGciOiJIUzI1NiJ9.eyJpZCI6MX0.4hZkYAXrV6LTpeAAYb1vNszEAEopbqThZcFNllKZJoc"} 200 success 2023-02-10 17:53 2023-02-10 17:53 ::1 1

Create {"token":"eyJ0eXAiOiJKV1QiLCJhbGciOiJIUzI1NiJ9.eyJpZCI6MX0.4hZkYAXrV6LTpeAAYb1vNszEAEopbqThZcFNllKZJoc","name":"project_name","color":"#000000"} 200 success 2023-02-10 18:19 2023-02-10 18:19 ::1 1

Create {"token":"eyJ0eXAiOiJKV1QiLCJhbGciOiJIUzI1NiJ9.eyJpZCI6MX0.4hZkYAXrV6LTpeAAYb1vNszEAEopbqThZcFNllKZJoc","name":"project_name2","color":"#000000"} 409 "user_id, color" 2023-02-10 18:20 2023-02-10 18:20 ::1 1

Create {"token":"eyJ0eXAiOiJKV1QiLCJhbGciOiJIUzI1NiJ9.eyJpZCI6MX0.4hZkYAXrV6LTpeAAYb1vNszEAEopbqThZcFNllKZJoc","name":"project_name","color":"#000000"} 409 "Conflicting user_id, color" 2023-02-10 18:28 2023-02-10 18:28 ::1 1

Delete {"token":"eyJ0eXAiOiJKV1QiLCJhbGciOiJIUzI1NiJ9.eyJpZCI6MX0.4hZkYAXrV6LTpeAAYb1vNszEAEopbqThZcFNllKZJoc","project_id":"10"} 404 "Project Not Found" 2023-02-10 18:31 2023-02-10 18:31 ::1 1

GetSessions {"token":"eyJ0eXAiOiJKV1QiLCJhbGciOiJIUzI1NiJ9.eyJpZCI6MX0.4hZkYAXrV6LTpeAAYb1vNszEAEopbqThZcFNllKZJoc"} 204 success 2023-02-10 18:33 2023-02-10 18:33 ::1 1

Create {"token":"eyJ0eXAiOiJKV1QiLCJhbGciOiJIUzI1NiJ9.eyJpZCI6MX0.4hZkYAXrV6LTpeAAYb1vNszEAEopbqThZcFNllKZJoc","project_id":"5"} 400 "Invalid Parameter: parameter 'time' is not found" 2023-02-10 18:35 2023-02-10 18:35 ::1 0

Create {"token":"eyJ0eXAiOiJKV1QiLCJhbGciOiJIUzI1NiJ9.eyJpZCI6MX0.4hZkYAXrV6LTpeAAYb1vNszEAEopbqThZcFNllKZJoc","project_id":"5","time":"1:1:1"} 400 "Invalid Parameter: time" 2023-02-10 18:36 2023-02-10 18:36 ::1 0

Create {"token":"eyJ0eXAiOiJKV1QiLCJhbGciOiJIUzI1NiJ9.eyJpZCI6MX0.4hZkYAXrV6LTpeAAYb1vNszEAEopbqThZcFNllKZJoc","project_id":"5","time":"01:01:01"} 404 "Project Not Found" 2023-02-10 18:36 2023-02-10 18:36 ::1 1

Create {"token":"eyJ0eXAiOiJKV1QiLCJhbGciOiJIUzI1NiJ9.eyJpZCI6MX0.4hZkYAXrV6LTpeAAYb1vNszEAEopbqThZcFNllKZJoc","project_id":"5","time":"01:01:01"} 404 "Project Not Found" 2023-02-10 18:36 2023-02-10 18:36 ::1 1

Create {"token":"eyJ0eXAiOiJKV1QiLCJhbGciOiJIUzI1NiJ9.eyJpZCI6MX0.4hZkYAXrV6LTpeAAYb1vNszEAEopbqThZcFNllKZJoc","project_id":"6","time":"01:01:01"} 200 success 2023-02-10 18:36 2023-02-10 18:36 ::1 1

Create {"token":"eyJ0eXAiOiJKV1QiLCJhbGciOiJIUzI1NiJ9.eyJpZCI6MX0.4hZkYAXrV6LTpeAAYb1vNszEAEopbqThZcFNllKZJoc","project_id":"6","time":"01:01:01"} 200 success 2023-02-10 18:36 2023-02-10 18:36 ::1 1

GetSessions {"token":"eyJ0eXAiOiJKV1QiLCJhbGciOiJIUzI1NiJ9.eyJpZCI6MX0.4hZkYAXrV6LTpeAAYb1vNszEAEopbqThZcFNllKZJoc"} 204 success 2023-02-10 18:38 2023-02-10 18:38 ::1 1

GetSessions {"token":"eyJ0eXAiOiJKV1QiLCJhbGciOiJIUzI1NiJ9.eyJpZCI6MX0.4hZkYAXrV6LTpeAAYb1vNszEAEopbqThZcFNllKZJoc"} 204 success 2023-02-10 18:38 2023-02-10 18:38 ::1 1

GetSessions {"token":"eyJ0eXAiOiJKV1QiLCJhbGciOiJIUzI1NiJ9.eyJpZCI6MX0.4hZkYAXrV6LTpeAAYb1vNszEAEopbqThZcFNllKZJoc"} 204 success 2023-02-10 18:39 2023-02-10 18:39 ::1 1

GetSessions {"token":"eyJ0eXAiOiJKV1QiLCJhbGciOiJIUzI1NiJ9.eyJpZCI6MX0.4hZkYAXrV6LTpeAAYb1vNszEAEopbqThZcFNllKZJoc"} 200 success 2023-02-10 18:47 2023-02-10 18:47 ::1 1

