GetProjects {"token":"eyJ0eXAiOiJKV1QiLCJhbGciOiJIUzI1NiJ9.eyJpZCI6MX0.4hZkYAXrV6LTpeAAYb1vNszEAEopbqThZcFNllKZJoc"} 200 success 2023-02-11 12:42 2023-02-11 12:42 ::1 1

Delete {"token":"eyJ0eXAiOiJKV1QiLCJhbGciOiJIUzI1NiJ9.eyJpZCI6MX0.4hZkYAXrV6LTpeAAYb1vNszEAEopbqThZcFNllKZJoc","project_id":"20"} 404 "Project Not Found" 2023-02-11 12:45 2023-02-11 12:45 ::1 1

Delete {"token":"eyJ0eXAiOiJKV1QiLCJhbGciOiJIUzI1NiJ9.eyJpZCI6MX0.4hZkYAXrV6LTpeAAYb1vNszEAEopbqThZcFNllKZJoc","project_id":"8"} 204 success 2023-02-11 12:45 2023-02-11 12:45 ::1 1

Delete {"token":"eyJ0eXAiOiJKV1QiLCJhbGciOiJIUzI1NiJ9.eyJpZCI6MX0.4hZkYAXrV6LTpeAAYb1vNszEAEopbqThZcFNllKZJoc","project_id":"8"} 404 "Project Not Found" 2023-02-11 12:45 2023-02-11 12:45 ::1 1

GetSessions {"token":"eyJ0eXAiOiJKV1QiLCJhbGciOiJIUzI1NiJ9.eyJpZCI6MX0.4hZkYAXrV6LTpeAAYb1vNszEAEopbqThZcFNllKZJoc"} 200 success 2023-02-11 12:49 2023-02-11 12:49 ::1 1

GetSessions {"token":"eyJ0eXAiOiJKV1QiLCJhbGciOiJIUzI1NiJ9.eyJpZCI6MX0.4hZkYAXrV6LTpeAAYb1vNszEAEopbqThZcFNllKZJoc"} 200 success 2023-02-11 12:50 2023-02-11 12:50 ::1 1

Delete {"token":"eyJ0eXAiOiJKV1QiLCJhbGciOiJIUzI1NiJ9.eyJpZCI6MX0.4hZkYAXrV6LTpeAAYb1vNszEAEopbqThZcFNllKZJoc","session_id":"1000"} 404 "Session Not Found" 2023-02-11 12:58 2023-02-11 12:58 ::1 1

Delete {"token":"eyJ0eXAiOiJKV1QiLCJhbGciOiJIUzI1NiJ9.eyJpZCI6MX0.4hZkYAXrV6LTpeAAYb1vNszEAEopbqThZcFNllKZJoc","session_id":"2"} 204 success 2023-02-11 12:59 2023-02-11 12:59 ::1 1

Delete {"token":"eyJ0eXAiOiJKV1QiLCJhbGciOiJIUzI1NiJ9.eyJpZCI6MX0.4hZkYAXrV6LTpeAAYb1vNszEAEopbqThZcFNllKZJoc","session_id":"2"} 404 "Session Not Found" 2023-02-11 12:59 2023-02-11 12:59 ::1 1

GetSessions {"token":"eyJ0eXAiOiJKV1QiLCJhbGciOiJIUzI1NiJ9.eyJpZCI6MX0.4hZkYAXrV6LTpeAAYb1vNszEAEopbqThZcFNllKZJoc"} 200 success 2023-02-11 12:59 2023-02-11 12:59 ::1 1

GetSessions {"token":"eyJ0eXAiOiJKV1QiLCJhbGciOiJIUzI1NiJ9.eyJpZCI6MX0.4hZkYAXrV6LTpeAAYb1vNszEAEopbqThZcFNllKZJoc"} 200 success 2023-02-11 13:01 2023-02-11 13:01 ::1 1

GetSessions {"token":"eyJ0eXAiOiJKV1QiLCJhbGciOiJIUzI1NiJ9.eyJpZCI6MX0.4hZkYAXrV6LTpeAAYb1vNszEAEopbqThZcFNllKZJoc"} 200 success 2023-02-11 13:01 2023-02-11 13:01 ::1 1

GetProjects {"token":"eyJ0eXAiOiJKV1QiLCJhbGciOiJIUzI1NiJ9.eyJpZCI6MX0.4hZkYAXrV6LTpeAAYb1vNszEAEopbqThZcFNllKZJoc"} 200 success 2023-02-11 13:02 2023-02-11 13:02 ::1 1

GetProjects {"token":"eyJ0eXAiOiJKV1QiLCJhbGciOiJIUzI1NiJ9.eyJpZCI6MX0.4hZkYAXrV6LTpeAAYb1vNszEAEopbqThZcFNllKZJoc"} 200 success 2023-02-11 13:10 2023-02-11 13:10 ::1 1

GetProjects {"token":"eyJ0eXAiOiJKV1QiLCJhbGciOiJIUzI1NiJ9.eyJpZCI6MX0.4hZkYAXrV6LTpeAAYb1vNszEAEopbqThZcFNllKZJoc"} 200 success 2023-02-11 13:10 2023-02-11 13:10 ::1 1

GetProjects {"token":"eyJ0eXAiOiJKV1QiLCJhbGciOiJIUzI1NiJ9.eyJpZCI6MX0.4hZkYAXrV6LTpeAAYb1vNszEAEopbqThZcFNllKZJoc"} 200 success 2023-02-11 13:10 2023-02-11 13:10 ::1 1

GetProjects {"token":"eyJ0eXAiOiJKV1QiLCJhbGciOiJIUzI1NiJ9.eyJpZCI6MX0.4hZkYAXrV6LTpeAAYb1vNszEAEopbqThZcFNllKZJoc"} 200 success 2023-02-11 13:12 2023-02-11 13:12 ::1 1

GetProjects {"token":"eyJ0eXAiOiJKV1QiLCJhbGciOiJIUzI1NiJ9.eyJpZCI6MX0.4hZkYAXrV6LTpeAAYb1vNszEAEopbqThZcFNllKZJoc"} 200 success 2023-02-11 13:13 2023-02-11 13:13 ::1 1

GetProjects {"token":"eyJ0eXAiOiJKV1QiLCJhbGciOiJIUzI1NiJ9.eyJpZCI6MX0.4hZkYAXrV6LTpeAAYb1vNszEAEopbqThZcFNllKZJoc"} 200 success 2023-02-11 13:13 2023-02-11 13:13 ::1 1

GetProjects {"token":"eyJ0eXAiOiJKV1QiLCJhbGciOiJIUzI1NiJ9.eyJpZCI6MX0.4hZkYAXrV6LTpeAAYb1vNszEAEopbqThZcFNllKZJoc"} 200 success 2023-02-11 13:13 2023-02-11 13:13 ::1 1

GetProjects {"token":"eyJ0eXAiOiJKV1QiLCJhbGciOiJIUzI1NiJ9.eyJpZCI6MX0.4hZkYAXrV6LTpeAAYb1vNszEAEopbqThZcFNllKZJoc"} 200 success 2023-02-11 13:15 2023-02-11 13:15 ::1 1

GetSessions {"token":"eyJ0eXAiOiJKV1QiLCJhbGciOiJIUzI1NiJ9.eyJpZCI6MX0.4hZkYAXrV6LTpeAAYb1vNszEAEopbqThZcFNllKZJoc"} 500 "SQLSTATE[HY000]: General error: 1 near \"as\": syntax error" 2023-02-11 13:20 2023-02-11 13:20 ::1 1

GetSessions {"token":"eyJ0eXAiOiJKV1QiLCJhbGciOiJIUzI1NiJ9.eyJpZCI6MX0.4hZkYAXrV6LTpeAAYb1vNszEAEopbqThZcFNllKZJoc"} 500 "SQLSTATE[HY000]: General error: 1 no such column: project.color" 2023-02-11 13:20 2023-02-11 13:20 ::1 1

GetSessions {"token":"eyJ0eXAiOiJKV1QiLCJhbGciOiJIUzI1NiJ9.eyJpZCI6MX0.4hZkYAXrV6LTpeAAYb1vNszEAEopbqThZcFNllKZJoc"} 200 success 2023-02-11 13:20 2023-02-11 13:20 ::1 1

GetProjects {"token":"eyJ0eXAiOiJKV1QiLCJhbGciOiJIUzI1NiJ9.eyJpZCI6MX0.4hZkYAXrV6LTpeAAYb1vNszEAEopbqThZcFNllKZJoc"} 200 success 2023-02-11 13:21 2023-02-11 13:21 ::1 1

GetProjects {"token":"eyJ0eXAiOiJKV1QiLCJhbGciOiJIUzI1NiJ9.eyJpZCI6MX0.4hZkYAXrV6LTpeAAYb1vNszEAEopbqThZcFNllKZJoc"} 200 success 2023-02-11 13:21 2023-02-11 13:21 ::1 1

GetSessions {"token":"eyJ0eXAiOiJKV1QiLCJhbGciOiJIUzI1NiJ9.eyJpZCI6MX0.4hZkYAXrV6LTpeAAYb1vNszEAEopbqThZcFNllKZJoc"} 200 success 2023-02-11 13:21 2023-02-11 13:21 ::1 1

GetProjects {"token":"eyJ0eXAiOiJKV1QiLCJhbGciOiJIUzI1NiJ9.eyJpZCI6MX0.4hZkYAXrV6LTpeAAYb1vNszEAEopbqThZcFNllKZJoc"} 200 success 2023-02-11 13:22 2023-02-11 13:22 ::1 1

GetSessions {"token":"eyJ0eXAiOiJKV1QiLCJhbGciOiJIUzI1NiJ9.eyJpZCI6MX0.4hZkYAXrV6LTpeAAYb1vNszEAEopbqThZcFNllKZJoc"} 200 success 2023-02-11 13:22 2023-02-11 13:22 ::1 1

GetProjects {"token":"eyJ0eXAiOiJKV1QiLCJhbGciOiJIUzI1NiJ9.eyJpZCI6MX0.4hZkYAXrV6LTpeAAYb1vNszEAEopbqThZcFNllKZJoc"} 200 success 2023-02-11 13:22 2023-02-11 13:22 ::1 1

GetSessions {"token":"eyJ0eXAiOiJKV1QiLCJhbGciOiJIUzI1NiJ9.eyJpZCI6MX0.4hZkYAXrV6LTpeAAYb1vNszEAEopbqThZcFNllKZJoc"} 200 success 2023-02-11 13:22 2023-02-11 13:22 ::1 1

GetProjects {"token":"eyJ0eXAiOiJKV1QiLCJhbGciOiJIUzI1NiJ9.eyJpZCI6MX0.4hZkYAXrV6LTpeAAYb1vNszEAEopbqThZcFNllKZJoc"} 200 success 2023-02-11 13:23 2023-02-11 13:23 ::1 1

GetSessions {"token":"eyJ0eXAiOiJKV1QiLCJhbGciOiJIUzI1NiJ9.eyJpZCI6MX0.4hZkYAXrV6LTpeAAYb1vNszEAEopbqThZcFNllKZJoc"} 200 success 2023-02-11 13:23 2023-02-11 13:23 ::1 1

GetSessions {"token":"eyJ0eXAiOiJKV1QiLCJhbGciOiJIUzI1NiJ9.eyJpZCI6MX0.4hZkYAXrV6LTpeAAYb1vNszEAEopbqThZcFNllKZJoc"} 200 success 2023-02-11 13:24 2023-02-11 13:24 ::1 1

GetProjects {"token":"eyJ0eXAiOiJKV1QiLCJhbGciOiJIUzI1NiJ9.eyJpZCI6MX0.4hZkYAXrV6LTpeAAYb1vNszEAEopbqThZcFNllKZJoc"} 200 success 2023-02-11 13:24 2023-02-11 13:24 ::1 1

GetProjects {"token":"eyJ0eXAiOiJKV1QiLCJhbGciOiJIUzI1NiJ9.eyJpZCI6MX0.4hZkYAXrV6LTpeAAYb1vNszEAEopbqThZcFNllKZJoc"} 200 success 2023-02-11 13:24 2023-02-11 13:24 ::1 1

GetSessions {"token":"eyJ0eXAiOiJKV1QiLCJhbGciOiJIUzI1NiJ9.eyJpZCI6MX0.4hZkYAXrV6LTpeAAYb1vNszEAEopbqThZcFNllKZJoc"} 200 success 2023-02-11 13:24 2023-02-11 13:24 ::1 1

GetSessions {"token":"eyJ0eXAiOiJKV1QiLCJhbGciOiJIUzI1NiJ9.eyJpZCI6MX0.4hZkYAXrV6LTpeAAYb1vNszEAEopbqThZcFNllKZJoc"} 200 success 2023-02-11 13:25 2023-02-11 13:25 ::1 1

GetProjects {"token":"eyJ0eXAiOiJKV1QiLCJhbGciOiJIUzI1NiJ9.eyJpZCI6MX0.4hZkYAXrV6LTpeAAYb1vNszEAEopbqThZcFNllKZJoc"} 200 success 2023-02-11 13:25 2023-02-11 13:25 ::1 1

Login {"username":"lawaty","password":"lawaty10"} 200 success 2023-02-11 13:26 2023-02-11 13:26 ::1 0

GetSessions {"token":"eyJ0eXAiOiJKV1QiLCJhbGciOiJIUzI1NiJ9.eyJpZCI6MX0.4hZkYAXrV6LTpeAAYb1vNszEAEopbqThZcFNllKZJoc"} 200 success 2023-02-11 17:18 2023-02-11 17:18 ::1 1

GetProjects {"token":"eyJ0eXAiOiJKV1QiLCJhbGciOiJIUzI1NiJ9.eyJpZCI6MX0.4hZkYAXrV6LTpeAAYb1vNszEAEopbqThZcFNllKZJoc"} 200 success 2023-02-11 17:18 2023-02-11 17:18 ::1 1

GetProjects {"token":"eyJ0eXAiOiJKV1QiLCJhbGciOiJIUzI1NiJ9.eyJpZCI6MX0.4hZkYAXrV6LTpeAAYb1vNszEAEopbqThZcFNllKZJoc"} 200 success 2023-02-11 17:19 2023-02-11 17:19 ::1 1

GetProjects {"token":"eyJ0eXAiOiJKV1QiLCJhbGciOiJIUzI1NiJ9.eyJpZCI6MX0.4hZkYAXrV6LTpeAAYb1vNszEAEopbqThZcFNllKZJoc"} 200 success 2023-02-11 17:21 2023-02-11 17:21 ::1 1

GetProjects {"token":"eyJ0eXAiOiJKV1QiLCJhbGciOiJIUzI1NiJ9.eyJpZCI6MX0.4hZkYAXrV6LTpeAAYb1vNszEAEopbqThZcFNllKZJoc"} 200 success 2023-02-11 17:21 2023-02-11 17:21 ::1 1

GetProjects {"token":"eyJ0eXAiOiJKV1QiLCJhbGciOiJIUzI1NiJ9.eyJpZCI6MX0.4hZkYAXrV6LTpeAAYb1vNszEAEopbqThZcFNllKZJoc"} 200 success 2023-02-11 17:26 2023-02-11 17:26 ::1 1

GetProjects {"token":"eyJ0eXAiOiJKV1QiLCJhbGciOiJIUzI1NiJ9.eyJpZCI6MX0.4hZkYAXrV6LTpeAAYb1vNszEAEopbqThZcFNllKZJoc"} 200 success 2023-02-11 17:26 2023-02-11 17:26 ::1 1

GetProjects {"token":"eyJ0eXAiOiJKV1QiLCJhbGciOiJIUzI1NiJ9.eyJpZCI6MX0.4hZkYAXrV6LTpeAAYb1vNszEAEopbqThZcFNllKZJoc"} 200 success 2023-02-11 17:26 2023-02-11 17:26 ::1 1

Login {"username":"lawaty","password":"lawat10"} 401 "Wrong username or password" 2023-02-11 17:31 2023-02-11 17:31 ::1 0

Login {"username":"lawaty","password":"lawaty10"} 200 success 2023-02-11 17:31 2023-02-11 17:31 ::1 0

GetProjects {"token":"undefined"} 400 "Invalid Parameter: token" 2023-02-11 17:31 2023-02-11 17:31 ::1 0

GetSessions {"token":"undefined"} 400 "Invalid Parameter: token" 2023-02-11 17:31 2023-02-11 17:31 ::1 0

Login {"username":"lawaty","password":"lawaty10"} 200 success 2023-02-11 17:31 2023-02-11 17:31 ::1 0

GetProjects {"token":"undefined"} 400 "Invalid Parameter: token" 2023-02-11 17:31 2023-02-11 17:31 ::1 0

GetSessions {"token":"undefined"} 400 "Invalid Parameter: token" 2023-02-11 17:31 2023-02-11 17:31 ::1 0

Login [] 400 "Invalid Parameter: parameter 'username' is not found" 2023-02-11 17:32 2023-02-11 17:32 ::1 0

GetSessions {"token":"undefined"} 400 "Invalid Parameter: token" 2023-02-11 18:04 2023-02-11 18:04 ::1 0

GetProjects {"token":"undefined"} 400 "Invalid Parameter: token" 2023-02-11 18:04 2023-02-11 18:04 ::1 0

GetProjects {"token":"undefined"} 400 "Invalid Parameter: token" 2023-02-11 18:24 2023-02-11 18:24 ::1 0

GetSessions {"token":"undefined"} 400 "Invalid Parameter: token" 2023-02-11 18:24 2023-02-11 18:24 ::1 0

Login {"username":"lawaty","password":"lawaty10"} 200 success 2023-02-11 18:25 2023-02-11 18:25 ::1 0

GetProjects {"token":"undefined"} 400 "Invalid Parameter: token" 2023-02-11 18:26 2023-02-11 18:26 ::1 0

GetSessions {"token":"undefined"} 400 "Invalid Parameter: token" 2023-02-11 18:26 2023-02-11 18:26 ::1 0

Login {"username":"lawaty","password":"lawaty10"} 200 success 2023-02-11 18:26 2023-02-11 18:26 ::1 0

GetSessions {"token":"eyJ0eXAiOiJKV1QiLCJhbGciOiJIUzI1NiJ9.eyJpZCI6MX0.4hZkYAXrV6LTpeAAYb1vNszEAEopbqThZcFNllKZJoc"} 200 success 2023-02-11 18:26 2023-02-11 18:26 ::1 1

GetProjects {"token":"eyJ0eXAiOiJKV1QiLCJhbGciOiJIUzI1NiJ9.eyJpZCI6MX0.4hZkYAXrV6LTpeAAYb1vNszEAEopbqThZcFNllKZJoc"} 200 success 2023-02-11 18:26 2023-02-11 18:26 ::1 1

GetProjects {"token":"eyJ0eXAiOiJKV1QiLCJhbGciOiJIUzI1NiJ9.eyJpZCI6MX0.4hZkYAXrV6LTpeAAYb1vNszEAEopbqThZcFNllKZJoc"} 200 success 2023-02-11 18:43 2023-02-11 18:43 ::1 1

GetSessions {"token":"eyJ0eXAiOiJKV1QiLCJhbGciOiJIUzI1NiJ9.eyJpZCI6MX0.4hZkYAXrV6LTpeAAYb1vNszEAEopbqThZcFNllKZJoc"} 200 success 2023-02-11 18:43 2023-02-11 18:43 ::1 1

GetSessions {"token":"eyJ0eXAiOiJKV1QiLCJhbGciOiJIUzI1NiJ9.eyJpZCI6MX0.4hZkYAXrV6LTpeAAYb1vNszEAEopbqThZcFNllKZJoc"} 200 success 2023-02-11 18:43 2023-02-11 18:43 ::1 1

GetProjects {"token":"eyJ0eXAiOiJKV1QiLCJhbGciOiJIUzI1NiJ9.eyJpZCI6MX0.4hZkYAXrV6LTpeAAYb1vNszEAEopbqThZcFNllKZJoc"} 200 success 2023-02-11 18:43 2023-02-11 18:43 ::1 1

GetProjects {"token":"eyJ0eXAiOiJKV1QiLCJhbGciOiJIUzI1NiJ9.eyJpZCI6MX0.4hZkYAXrV6LTpeAAYb1vNszEAEopbqThZcFNllKZJoc"} 200 success 2023-02-11 18:43 2023-02-11 18:43 ::1 1

GetSessions {"token":"eyJ0eXAiOiJKV1QiLCJhbGciOiJIUzI1NiJ9.eyJpZCI6MX0.4hZkYAXrV6LTpeAAYb1vNszEAEopbqThZcFNllKZJoc"} 200 success 2023-02-11 18:43 2023-02-11 18:43 ::1 1

GetProjects {"token":"eyJ0eXAiOiJKV1QiLCJhbGciOiJIUzI1NiJ9.eyJpZCI6MX0.4hZkYAXrV6LTpeAAYb1vNszEAEopbqThZcFNllKZJoc"} 200 success 2023-02-11 18:44 2023-02-11 18:44 ::1 1

GetSessions {"token":"eyJ0eXAiOiJKV1QiLCJhbGciOiJIUzI1NiJ9.eyJpZCI6MX0.4hZkYAXrV6LTpeAAYb1vNszEAEopbqThZcFNllKZJoc"} 200 success 2023-02-11 18:44 2023-02-11 18:44 ::1 1

GetSessions {"token":"eyJ0eXAiOiJKV1QiLCJhbGciOiJIUzI1NiJ9.eyJpZCI6MX0.4hZkYAXrV6LTpeAAYb1vNszEAEopbqThZcFNllKZJoc"} 200 success 2023-02-11 18:44 2023-02-11 18:44 ::1 1

GetProjects {"token":"eyJ0eXAiOiJKV1QiLCJhbGciOiJIUzI1NiJ9.eyJpZCI6MX0.4hZkYAXrV6LTpeAAYb1vNszEAEopbqThZcFNllKZJoc"} 200 success 2023-02-11 18:44 2023-02-11 18:44 ::1 1

GetProjects {"token":"eyJ0eXAiOiJKV1QiLCJhbGciOiJIUzI1NiJ9.eyJpZCI6MX0.4hZkYAXrV6LTpeAAYb1vNszEAEopbqThZcFNllKZJoc"} 200 success 2023-02-11 18:58 2023-02-11 18:58 ::1 1

GetSessions {"token":"eyJ0eXAiOiJKV1QiLCJhbGciOiJIUzI1NiJ9.eyJpZCI6MX0.4hZkYAXrV6LTpeAAYb1vNszEAEopbqThZcFNllKZJoc"} 200 success 2023-02-11 18:58 2023-02-11 18:58 ::1 1

GetSessions {"token":"eyJ0eXAiOiJKV1QiLCJhbGciOiJIUzI1NiJ9.eyJpZCI6MX0.4hZkYAXrV6LTpeAAYb1vNszEAEopbqThZcFNllKZJoc"} 200 success 2023-02-11 18:59 2023-02-11 18:59 ::1 1

GetProjects {"token":"eyJ0eXAiOiJKV1QiLCJhbGciOiJIUzI1NiJ9.eyJpZCI6MX0.4hZkYAXrV6LTpeAAYb1vNszEAEopbqThZcFNllKZJoc"} 200 success 2023-02-11 18:59 2023-02-11 18:59 ::1 1

GetProjects {"token":"eyJ0eXAiOiJKV1QiLCJhbGciOiJIUzI1NiJ9.eyJpZCI6MX0.4hZkYAXrV6LTpeAAYb1vNszEAEopbqThZcFNllKZJoc"} 200 success 2023-02-11 19:00 2023-02-11 19:00 ::1 1

GetSessions {"token":"eyJ0eXAiOiJKV1QiLCJhbGciOiJIUzI1NiJ9.eyJpZCI6MX0.4hZkYAXrV6LTpeAAYb1vNszEAEopbqThZcFNllKZJoc"} 200 success 2023-02-11 19:00 2023-02-11 19:00 ::1 1

GetProjects {"token":"eyJ0eXAiOiJKV1QiLCJhbGciOiJIUzI1NiJ9.eyJpZCI6MX0.4hZkYAXrV6LTpeAAYb1vNszEAEopbqThZcFNllKZJoc"} 200 success 2023-02-11 19:00 2023-02-11 19:00 ::1 1

GetSessions {"token":"eyJ0eXAiOiJKV1QiLCJhbGciOiJIUzI1NiJ9.eyJpZCI6MX0.4hZkYAXrV6LTpeAAYb1vNszEAEopbqThZcFNllKZJoc"} 200 success 2023-02-11 19:00 2023-02-11 19:00 ::1 1

GetProjects {"token":"eyJ0eXAiOiJKV1QiLCJhbGciOiJIUzI1NiJ9.eyJpZCI6MX0.4hZkYAXrV6LTpeAAYb1vNszEAEopbqThZcFNllKZJoc"} 200 success 2023-02-11 19:01 2023-02-11 19:01 ::1 1

GetSessions {"token":"eyJ0eXAiOiJKV1QiLCJhbGciOiJIUzI1NiJ9.eyJpZCI6MX0.4hZkYAXrV6LTpeAAYb1vNszEAEopbqThZcFNllKZJoc"} 200 success 2023-02-11 19:01 2023-02-11 19:01 ::1 1

GetProjects {"token":"eyJ0eXAiOiJKV1QiLCJhbGciOiJIUzI1NiJ9.eyJpZCI6MX0.4hZkYAXrV6LTpeAAYb1vNszEAEopbqThZcFNllKZJoc"} 200 success 2023-02-11 19:01 2023-02-11 19:01 ::1 1

GetSessions {"token":"eyJ0eXAiOiJKV1QiLCJhbGciOiJIUzI1NiJ9.eyJpZCI6MX0.4hZkYAXrV6LTpeAAYb1vNszEAEopbqThZcFNllKZJoc"} 200 success 2023-02-11 19:01 2023-02-11 19:01 ::1 1

GetProjects {"token":"eyJ0eXAiOiJKV1QiLCJhbGciOiJIUzI1NiJ9.eyJpZCI6MX0.4hZkYAXrV6LTpeAAYb1vNszEAEopbqThZcFNllKZJoc"} 200 success 2023-02-11 19:02 2023-02-11 19:02 ::1 1

GetSessions {"token":"eyJ0eXAiOiJKV1QiLCJhbGciOiJIUzI1NiJ9.eyJpZCI6MX0.4hZkYAXrV6LTpeAAYb1vNszEAEopbqThZcFNllKZJoc"} 200 success 2023-02-11 19:02 2023-02-11 19:02 ::1 1

GetProjects {"token":"eyJ0eXAiOiJKV1QiLCJhbGciOiJIUzI1NiJ9.eyJpZCI6MX0.4hZkYAXrV6LTpeAAYb1vNszEAEopbqThZcFNllKZJoc"} 200 success 2023-02-11 19:02 2023-02-11 19:02 ::1 1

GetSessions {"token":"eyJ0eXAiOiJKV1QiLCJhbGciOiJIUzI1NiJ9.eyJpZCI6MX0.4hZkYAXrV6LTpeAAYb1vNszEAEopbqThZcFNllKZJoc"} 200 success 2023-02-11 19:02 2023-02-11 19:02 ::1 1

GetProjects {"token":"eyJ0eXAiOiJKV1QiLCJhbGciOiJIUzI1NiJ9.eyJpZCI6MX0.4hZkYAXrV6LTpeAAYb1vNszEAEopbqThZcFNllKZJoc"} 200 success 2023-02-11 19:03 2023-02-11 19:03 ::1 1

GetSessions {"token":"eyJ0eXAiOiJKV1QiLCJhbGciOiJIUzI1NiJ9.eyJpZCI6MX0.4hZkYAXrV6LTpeAAYb1vNszEAEopbqThZcFNllKZJoc"} 200 success 2023-02-11 19:03 2023-02-11 19:03 ::1 1

GetProjects {"token":"eyJ0eXAiOiJKV1QiLCJhbGciOiJIUzI1NiJ9.eyJpZCI6MX0.4hZkYAXrV6LTpeAAYb1vNszEAEopbqThZcFNllKZJoc"} 200 success 2023-02-11 19:03 2023-02-11 19:03 ::1 1

GetSessions {"token":"eyJ0eXAiOiJKV1QiLCJhbGciOiJIUzI1NiJ9.eyJpZCI6MX0.4hZkYAXrV6LTpeAAYb1vNszEAEopbqThZcFNllKZJoc"} 200 success 2023-02-11 19:03 2023-02-11 19:03 ::1 1

GetProjects {"token":"eyJ0eXAiOiJKV1QiLCJhbGciOiJIUzI1NiJ9.eyJpZCI6MX0.4hZkYAXrV6LTpeAAYb1vNszEAEopbqThZcFNllKZJoc"} 200 success 2023-02-11 19:03 2023-02-11 19:03 ::1 1

GetSessions {"token":"eyJ0eXAiOiJKV1QiLCJhbGciOiJIUzI1NiJ9.eyJpZCI6MX0.4hZkYAXrV6LTpeAAYb1vNszEAEopbqThZcFNllKZJoc"} 200 success 2023-02-11 19:03 2023-02-11 19:03 ::1 1

GetSessions {"token":"eyJ0eXAiOiJKV1QiLCJhbGciOiJIUzI1NiJ9.eyJpZCI6MX0.4hZkYAXrV6LTpeAAYb1vNszEAEopbqThZcFNllKZJoc"} 200 success 2023-02-11 19:03 2023-02-11 19:03 ::1 1

GetProjects {"token":"eyJ0eXAiOiJKV1QiLCJhbGciOiJIUzI1NiJ9.eyJpZCI6MX0.4hZkYAXrV6LTpeAAYb1vNszEAEopbqThZcFNllKZJoc"} 200 success 2023-02-11 19:03 2023-02-11 19:03 ::1 1

GetProjects {"token":"eyJ0eXAiOiJKV1QiLCJhbGciOiJIUzI1NiJ9.eyJpZCI6MX0.4hZkYAXrV6LTpeAAYb1vNszEAEopbqThZcFNllKZJoc"} 200 success 2023-02-11 19:04 2023-02-11 19:04 ::1 1

GetSessions {"token":"eyJ0eXAiOiJKV1QiLCJhbGciOiJIUzI1NiJ9.eyJpZCI6MX0.4hZkYAXrV6LTpeAAYb1vNszEAEopbqThZcFNllKZJoc"} 200 success 2023-02-11 19:04 2023-02-11 19:04 ::1 1

GetProjects {"token":"eyJ0eXAiOiJKV1QiLCJhbGciOiJIUzI1NiJ9.eyJpZCI6MX0.4hZkYAXrV6LTpeAAYb1vNszEAEopbqThZcFNllKZJoc"} 200 success 2023-02-11 19:04 2023-02-11 19:04 ::1 1

GetSessions {"token":"eyJ0eXAiOiJKV1QiLCJhbGciOiJIUzI1NiJ9.eyJpZCI6MX0.4hZkYAXrV6LTpeAAYb1vNszEAEopbqThZcFNllKZJoc"} 200 success 2023-02-11 19:04 2023-02-11 19:04 ::1 1

GetProjects {"token":"eyJ0eXAiOiJKV1QiLCJhbGciOiJIUzI1NiJ9.eyJpZCI6MX0.4hZkYAXrV6LTpeAAYb1vNszEAEopbqThZcFNllKZJoc"} 200 success 2023-02-11 19:04 2023-02-11 19:04 ::1 1

GetSessions {"token":"eyJ0eXAiOiJKV1QiLCJhbGciOiJIUzI1NiJ9.eyJpZCI6MX0.4hZkYAXrV6LTpeAAYb1vNszEAEopbqThZcFNllKZJoc"} 200 success 2023-02-11 19:04 2023-02-11 19:04 ::1 1

GetSessions {"token":"eyJ0eXAiOiJKV1QiLCJhbGciOiJIUzI1NiJ9.eyJpZCI6MX0.4hZkYAXrV6LTpeAAYb1vNszEAEopbqThZcFNllKZJoc"} 200 success 2023-02-11 19:04 2023-02-11 19:04 ::1 1

GetProjects {"token":"eyJ0eXAiOiJKV1QiLCJhbGciOiJIUzI1NiJ9.eyJpZCI6MX0.4hZkYAXrV6LTpeAAYb1vNszEAEopbqThZcFNllKZJoc"} 200 success 2023-02-11 19:04 2023-02-11 19:04 ::1 1

GetProjects {"token":"eyJ0eXAiOiJKV1QiLCJhbGciOiJIUzI1NiJ9.eyJpZCI6MX0.4hZkYAXrV6LTpeAAYb1vNszEAEopbqThZcFNllKZJoc"} 200 success 2023-02-11 19:07 2023-02-11 19:07 ::1 1

GetSessions {"token":"eyJ0eXAiOiJKV1QiLCJhbGciOiJIUzI1NiJ9.eyJpZCI6MX0.4hZkYAXrV6LTpeAAYb1vNszEAEopbqThZcFNllKZJoc"} 200 success 2023-02-11 19:07 2023-02-11 19:07 ::1 1

GetProjects {"token":"eyJ0eXAiOiJKV1QiLCJhbGciOiJIUzI1NiJ9.eyJpZCI6MX0.4hZkYAXrV6LTpeAAYb1vNszEAEopbqThZcFNllKZJoc"} 200 success 2023-02-11 19:19 2023-02-11 19:19 ::1 1

GetSessions {"token":"eyJ0eXAiOiJKV1QiLCJhbGciOiJIUzI1NiJ9.eyJpZCI6MX0.4hZkYAXrV6LTpeAAYb1vNszEAEopbqThZcFNllKZJoc"} 200 success 2023-02-11 19:19 2023-02-11 19:19 ::1 1

GetProjects {"token":"eyJ0eXAiOiJKV1QiLCJhbGciOiJIUzI1NiJ9.eyJpZCI6MX0.4hZkYAXrV6LTpeAAYb1vNszEAEopbqThZcFNllKZJoc"} 200 success 2023-02-11 19:19 2023-02-11 19:19 ::1 1

GetSessions {"token":"eyJ0eXAiOiJKV1QiLCJhbGciOiJIUzI1NiJ9.eyJpZCI6MX0.4hZkYAXrV6LTpeAAYb1vNszEAEopbqThZcFNllKZJoc"} 200 success 2023-02-11 19:19 2023-02-11 19:19 ::1 1

GetProjects {"token":"eyJ0eXAiOiJKV1QiLCJhbGciOiJIUzI1NiJ9.eyJpZCI6MX0.4hZkYAXrV6LTpeAAYb1vNszEAEopbqThZcFNllKZJoc"} 200 success 2023-02-11 19:20 2023-02-11 19:20 ::1 1

GetSessions {"token":"eyJ0eXAiOiJKV1QiLCJhbGciOiJIUzI1NiJ9.eyJpZCI6MX0.4hZkYAXrV6LTpeAAYb1vNszEAEopbqThZcFNllKZJoc"} 200 success 2023-02-11 19:20 2023-02-11 19:20 ::1 1

GetProjects {"token":"eyJ0eXAiOiJKV1QiLCJhbGciOiJIUzI1NiJ9.eyJpZCI6MX0.4hZkYAXrV6LTpeAAYb1vNszEAEopbqThZcFNllKZJoc"} 200 success 2023-02-11 19:20 2023-02-11 19:20 ::1 1

GetSessions {"token":"eyJ0eXAiOiJKV1QiLCJhbGciOiJIUzI1NiJ9.eyJpZCI6MX0.4hZkYAXrV6LTpeAAYb1vNszEAEopbqThZcFNllKZJoc"} 200 success 2023-02-11 19:20 2023-02-11 19:20 ::1 1

GetProjects {"token":"eyJ0eXAiOiJKV1QiLCJhbGciOiJIUzI1NiJ9.eyJpZCI6MX0.4hZkYAXrV6LTpeAAYb1vNszEAEopbqThZcFNllKZJoc"} 200 success 2023-02-11 19:22 2023-02-11 19:22 ::1 1

GetSessions {"token":"eyJ0eXAiOiJKV1QiLCJhbGciOiJIUzI1NiJ9.eyJpZCI6MX0.4hZkYAXrV6LTpeAAYb1vNszEAEopbqThZcFNllKZJoc"} 200 success 2023-02-11 19:22 2023-02-11 19:22 ::1 1

GetProjects {"token":"eyJ0eXAiOiJKV1QiLCJhbGciOiJIUzI1NiJ9.eyJpZCI6MX0.4hZkYAXrV6LTpeAAYb1vNszEAEopbqThZcFNllKZJoc"} 200 success 2023-02-11 19:22 2023-02-11 19:22 ::1 1

GetSessions {"token":"eyJ0eXAiOiJKV1QiLCJhbGciOiJIUzI1NiJ9.eyJpZCI6MX0.4hZkYAXrV6LTpeAAYb1vNszEAEopbqThZcFNllKZJoc"} 200 success 2023-02-11 19:22 2023-02-11 19:22 ::1 1

GetProjects {"token":"eyJ0eXAiOiJKV1QiLCJhbGciOiJIUzI1NiJ9.eyJpZCI6MX0.4hZkYAXrV6LTpeAAYb1vNszEAEopbqThZcFNllKZJoc"} 200 success 2023-02-11 19:25 2023-02-11 19:25 ::1 1

GetSessions {"token":"eyJ0eXAiOiJKV1QiLCJhbGciOiJIUzI1NiJ9.eyJpZCI6MX0.4hZkYAXrV6LTpeAAYb1vNszEAEopbqThZcFNllKZJoc"} 200 success 2023-02-11 19:25 2023-02-11 19:25 ::1 1

GetProjects {"token":"eyJ0eXAiOiJKV1QiLCJhbGciOiJIUzI1NiJ9.eyJpZCI6MX0.4hZkYAXrV6LTpeAAYb1vNszEAEopbqThZcFNllKZJoc"} 200 success 2023-02-11 19:33 2023-02-11 19:33 ::1 1

GetSessions {"token":"eyJ0eXAiOiJKV1QiLCJhbGciOiJIUzI1NiJ9.eyJpZCI6MX0.4hZkYAXrV6LTpeAAYb1vNszEAEopbqThZcFNllKZJoc"} 200 success 2023-02-11 19:33 2023-02-11 19:33 ::1 1

GetProjects {"token":"eyJ0eXAiOiJKV1QiLCJhbGciOiJIUzI1NiJ9.eyJpZCI6MX0.4hZkYAXrV6LTpeAAYb1vNszEAEopbqThZcFNllKZJoc"} 200 success 2023-02-11 19:34 2023-02-11 19:34 ::1 1

GetSessions {"token":"eyJ0eXAiOiJKV1QiLCJhbGciOiJIUzI1NiJ9.eyJpZCI6MX0.4hZkYAXrV6LTpeAAYb1vNszEAEopbqThZcFNllKZJoc"} 200 success 2023-02-11 19:34 2023-02-11 19:34 ::1 1

GetProjects {"token":"eyJ0eXAiOiJKV1QiLCJhbGciOiJIUzI1NiJ9.eyJpZCI6MX0.4hZkYAXrV6LTpeAAYb1vNszEAEopbqThZcFNllKZJoc"} 200 success 2023-02-11 19:34 2023-02-11 19:34 ::1 1

GetSessions {"token":"eyJ0eXAiOiJKV1QiLCJhbGciOiJIUzI1NiJ9.eyJpZCI6MX0.4hZkYAXrV6LTpeAAYb1vNszEAEopbqThZcFNllKZJoc"} 200 success 2023-02-11 19:34 2023-02-11 19:34 ::1 1

GetProjects {"token":"eyJ0eXAiOiJKV1QiLCJhbGciOiJIUzI1NiJ9.eyJpZCI6MX0.4hZkYAXrV6LTpeAAYb1vNszEAEopbqThZcFNllKZJoc"} 200 success 2023-02-11 19:34 2023-02-11 19:34 ::1 1

GetSessions {"token":"eyJ0eXAiOiJKV1QiLCJhbGciOiJIUzI1NiJ9.eyJpZCI6MX0.4hZkYAXrV6LTpeAAYb1vNszEAEopbqThZcFNllKZJoc"} 200 success 2023-02-11 19:34 2023-02-11 19:34 ::1 1

GetProjects {"token":"eyJ0eXAiOiJKV1QiLCJhbGciOiJIUzI1NiJ9.eyJpZCI6MX0.4hZkYAXrV6LTpeAAYb1vNszEAEopbqThZcFNllKZJoc"} 200 success 2023-02-11 19:35 2023-02-11 19:35 ::1 1

GetSessions {"token":"eyJ0eXAiOiJKV1QiLCJhbGciOiJIUzI1NiJ9.eyJpZCI6MX0.4hZkYAXrV6LTpeAAYb1vNszEAEopbqThZcFNllKZJoc"} 200 success 2023-02-11 19:35 2023-02-11 19:35 ::1 1

GetSessions {"token":"eyJ0eXAiOiJKV1QiLCJhbGciOiJIUzI1NiJ9.eyJpZCI6MX0.4hZkYAXrV6LTpeAAYb1vNszEAEopbqThZcFNllKZJoc"} 200 success 2023-02-11 19:35 2023-02-11 19:35 ::1 1

GetProjects {"token":"eyJ0eXAiOiJKV1QiLCJhbGciOiJIUzI1NiJ9.eyJpZCI6MX0.4hZkYAXrV6LTpeAAYb1vNszEAEopbqThZcFNllKZJoc"} 200 success 2023-02-11 19:35 2023-02-11 19:35 ::1 1

GetProjects {"token":"eyJ0eXAiOiJKV1QiLCJhbGciOiJIUzI1NiJ9.eyJpZCI6MX0.4hZkYAXrV6LTpeAAYb1vNszEAEopbqThZcFNllKZJoc"} 200 success 2023-02-11 19:36 2023-02-11 19:36 ::1 1

GetSessions {"token":"eyJ0eXAiOiJKV1QiLCJhbGciOiJIUzI1NiJ9.eyJpZCI6MX0.4hZkYAXrV6LTpeAAYb1vNszEAEopbqThZcFNllKZJoc"} 200 success 2023-02-11 19:36 2023-02-11 19:36 ::1 1

GetProjects {"token":"eyJ0eXAiOiJKV1QiLCJhbGciOiJIUzI1NiJ9.eyJpZCI6MX0.4hZkYAXrV6LTpeAAYb1vNszEAEopbqThZcFNllKZJoc"} 200 success 2023-02-11 19:36 2023-02-11 19:36 ::1 1

GetSessions {"token":"eyJ0eXAiOiJKV1QiLCJhbGciOiJIUzI1NiJ9.eyJpZCI6MX0.4hZkYAXrV6LTpeAAYb1vNszEAEopbqThZcFNllKZJoc"} 200 success 2023-02-11 19:36 2023-02-11 19:36 ::1 1

GetProjects {"token":"eyJ0eXAiOiJKV1QiLCJhbGciOiJIUzI1NiJ9.eyJpZCI6MX0.4hZkYAXrV6LTpeAAYb1vNszEAEopbqThZcFNllKZJoc"} 200 success 2023-02-11 19:37 2023-02-11 19:37 ::1 1

GetSessions {"token":"eyJ0eXAiOiJKV1QiLCJhbGciOiJIUzI1NiJ9.eyJpZCI6MX0.4hZkYAXrV6LTpeAAYb1vNszEAEopbqThZcFNllKZJoc"} 200 success 2023-02-11 19:37 2023-02-11 19:37 ::1 1

GetProjects {"token":"eyJ0eXAiOiJKV1QiLCJhbGciOiJIUzI1NiJ9.eyJpZCI6MX0.4hZkYAXrV6LTpeAAYb1vNszEAEopbqThZcFNllKZJoc"} 200 success 2023-02-11 19:37 2023-02-11 19:37 ::1 1

GetSessions {"token":"eyJ0eXAiOiJKV1QiLCJhbGciOiJIUzI1NiJ9.eyJpZCI6MX0.4hZkYAXrV6LTpeAAYb1vNszEAEopbqThZcFNllKZJoc"} 200 success 2023-02-11 19:37 2023-02-11 19:37 ::1 1

GetSessions {"token":"eyJ0eXAiOiJKV1QiLCJhbGciOiJIUzI1NiJ9.eyJpZCI6MX0.4hZkYAXrV6LTpeAAYb1vNszEAEopbqThZcFNllKZJoc"} 200 success 2023-02-11 19:39 2023-02-11 19:39 ::1 1

GetProjects {"token":"eyJ0eXAiOiJKV1QiLCJhbGciOiJIUzI1NiJ9.eyJpZCI6MX0.4hZkYAXrV6LTpeAAYb1vNszEAEopbqThZcFNllKZJoc"} 200 success 2023-02-11 19:39 2023-02-11 19:39 ::1 1

GetProjects {"token":"eyJ0eXAiOiJKV1QiLCJhbGciOiJIUzI1NiJ9.eyJpZCI6MX0.4hZkYAXrV6LTpeAAYb1vNszEAEopbqThZcFNllKZJoc"} 200 success 2023-02-11 19:40 2023-02-11 19:40 ::1 1

GetSessions {"token":"eyJ0eXAiOiJKV1QiLCJhbGciOiJIUzI1NiJ9.eyJpZCI6MX0.4hZkYAXrV6LTpeAAYb1vNszEAEopbqThZcFNllKZJoc"} 200 success 2023-02-11 19:40 2023-02-11 19:40 ::1 1

GetProjects {"token":"eyJ0eXAiOiJKV1QiLCJhbGciOiJIUzI1NiJ9.eyJpZCI6MX0.4hZkYAXrV6LTpeAAYb1vNszEAEopbqThZcFNllKZJoc"} 200 success 2023-02-11 19:40 2023-02-11 19:40 ::1 1

GetSessions {"token":"eyJ0eXAiOiJKV1QiLCJhbGciOiJIUzI1NiJ9.eyJpZCI6MX0.4hZkYAXrV6LTpeAAYb1vNszEAEopbqThZcFNllKZJoc"} 200 success 2023-02-11 19:40 2023-02-11 19:40 ::1 1

GetProjects {"token":"eyJ0eXAiOiJKV1QiLCJhbGciOiJIUzI1NiJ9.eyJpZCI6MX0.4hZkYAXrV6LTpeAAYb1vNszEAEopbqThZcFNllKZJoc"} 200 success 2023-02-11 19:42 2023-02-11 19:42 ::1 1

GetSessions {"token":"eyJ0eXAiOiJKV1QiLCJhbGciOiJIUzI1NiJ9.eyJpZCI6MX0.4hZkYAXrV6LTpeAAYb1vNszEAEopbqThZcFNllKZJoc"} 200 success 2023-02-11 19:42 2023-02-11 19:42 ::1 1

GetProjects {"token":"eyJ0eXAiOiJKV1QiLCJhbGciOiJIUzI1NiJ9.eyJpZCI6MX0.4hZkYAXrV6LTpeAAYb1vNszEAEopbqThZcFNllKZJoc"} 200 success 2023-02-11 19:42 2023-02-11 19:42 ::1 1

GetSessions {"token":"eyJ0eXAiOiJKV1QiLCJhbGciOiJIUzI1NiJ9.eyJpZCI6MX0.4hZkYAXrV6LTpeAAYb1vNszEAEopbqThZcFNllKZJoc"} 200 success 2023-02-11 19:42 2023-02-11 19:42 ::1 1

GetSessions {"token":"eyJ0eXAiOiJKV1QiLCJhbGciOiJIUzI1NiJ9.eyJpZCI6MX0.4hZkYAXrV6LTpeAAYb1vNszEAEopbqThZcFNllKZJoc"} 200 success 2023-02-11 19:42 2023-02-11 19:42 ::1 1

GetProjects {"token":"eyJ0eXAiOiJKV1QiLCJhbGciOiJIUzI1NiJ9.eyJpZCI6MX0.4hZkYAXrV6LTpeAAYb1vNszEAEopbqThZcFNllKZJoc"} 200 success 2023-02-11 19:42 2023-02-11 19:42 ::1 1

GetProjects {"token":"eyJ0eXAiOiJKV1QiLCJhbGciOiJIUzI1NiJ9.eyJpZCI6MX0.4hZkYAXrV6LTpeAAYb1vNszEAEopbqThZcFNllKZJoc"} 200 success 2023-02-11 19:43 2023-02-11 19:43 ::1 1

GetSessions {"token":"eyJ0eXAiOiJKV1QiLCJhbGciOiJIUzI1NiJ9.eyJpZCI6MX0.4hZkYAXrV6LTpeAAYb1vNszEAEopbqThZcFNllKZJoc"} 200 success 2023-02-11 19:43 2023-02-11 19:43 ::1 1

GetProjects {"token":"eyJ0eXAiOiJKV1QiLCJhbGciOiJIUzI1NiJ9.eyJpZCI6MX0.4hZkYAXrV6LTpeAAYb1vNszEAEopbqThZcFNllKZJoc"} 200 success 2023-02-11 19:44 2023-02-11 19:44 ::1 1

GetSessions {"token":"eyJ0eXAiOiJKV1QiLCJhbGciOiJIUzI1NiJ9.eyJpZCI6MX0.4hZkYAXrV6LTpeAAYb1vNszEAEopbqThZcFNllKZJoc"} 200 success 2023-02-11 19:44 2023-02-11 19:44 ::1 1

GetProjects {"token":"eyJ0eXAiOiJKV1QiLCJhbGciOiJIUzI1NiJ9.eyJpZCI6MX0.4hZkYAXrV6LTpeAAYb1vNszEAEopbqThZcFNllKZJoc"} 200 success 2023-02-11 19:47 2023-02-11 19:47 ::1 1

GetSessions {"token":"eyJ0eXAiOiJKV1QiLCJhbGciOiJIUzI1NiJ9.eyJpZCI6MX0.4hZkYAXrV6LTpeAAYb1vNszEAEopbqThZcFNllKZJoc"} 200 success 2023-02-11 19:47 2023-02-11 19:47 ::1 1

GetProjects {"token":"eyJ0eXAiOiJKV1QiLCJhbGciOiJIUzI1NiJ9.eyJpZCI6MX0.4hZkYAXrV6LTpeAAYb1vNszEAEopbqThZcFNllKZJoc"} 200 success 2023-02-11 19:51 2023-02-11 19:51 ::1 1

GetSessions {"token":"eyJ0eXAiOiJKV1QiLCJhbGciOiJIUzI1NiJ9.eyJpZCI6MX0.4hZkYAXrV6LTpeAAYb1vNszEAEopbqThZcFNllKZJoc"} 200 success 2023-02-11 19:51 2023-02-11 19:51 ::1 1

Create {"token":"eyJ0eXAiOiJKV1QiLCJhbGciOiJIUzI1NiJ9.eyJpZCI6MX0.4hZkYAXrV6LTpeAAYb1vNszEAEopbqThZcFNllKZJoc","time":"00:00:02","project_id":"7","description":"--=-=1256%^^^"} 400 "Invalid Parameter: description" 2023-02-11 19:52 2023-02-11 19:52 ::1 0

GetProjects {"token":"eyJ0eXAiOiJKV1QiLCJhbGciOiJIUzI1NiJ9.eyJpZCI6MX0.4hZkYAXrV6LTpeAAYb1vNszEAEopbqThZcFNllKZJoc"} 200 success 2023-02-11 19:57 2023-02-11 19:57 ::1 1

GetSessions {"token":"eyJ0eXAiOiJKV1QiLCJhbGciOiJIUzI1NiJ9.eyJpZCI6MX0.4hZkYAXrV6LTpeAAYb1vNszEAEopbqThZcFNllKZJoc"} 200 success 2023-02-11 19:57 2023-02-11 19:57 ::1 1

GetSessions {"token":"eyJ0eXAiOiJKV1QiLCJhbGciOiJIUzI1NiJ9.eyJpZCI6MX0.4hZkYAXrV6LTpeAAYb1vNszEAEopbqThZcFNllKZJoc"} 200 success 2023-02-11 19:57 2023-02-11 19:57 ::1 1

GetProjects {"token":"eyJ0eXAiOiJKV1QiLCJhbGciOiJIUzI1NiJ9.eyJpZCI6MX0.4hZkYAXrV6LTpeAAYb1vNszEAEopbqThZcFNllKZJoc"} 200 success 2023-02-11 19:57 2023-02-11 19:57 ::1 1

GetProjects {"token":"eyJ0eXAiOiJKV1QiLCJhbGciOiJIUzI1NiJ9.eyJpZCI6MX0.4hZkYAXrV6LTpeAAYb1vNszEAEopbqThZcFNllKZJoc"} 200 success 2023-02-11 19:57 2023-02-11 19:57 ::1 1

GetSessions {"token":"eyJ0eXAiOiJKV1QiLCJhbGciOiJIUzI1NiJ9.eyJpZCI6MX0.4hZkYAXrV6LTpeAAYb1vNszEAEopbqThZcFNllKZJoc"} 200 success 2023-02-11 19:57 2023-02-11 19:57 ::1 1

GetProjects {"token":"eyJ0eXAiOiJKV1QiLCJhbGciOiJIUzI1NiJ9.eyJpZCI6MX0.4hZkYAXrV6LTpeAAYb1vNszEAEopbqThZcFNllKZJoc"} 200 success 2023-02-11 19:59 2023-02-11 19:59 ::1 1

GetSessions {"token":"eyJ0eXAiOiJKV1QiLCJhbGciOiJIUzI1NiJ9.eyJpZCI6MX0.4hZkYAXrV6LTpeAAYb1vNszEAEopbqThZcFNllKZJoc"} 200 success 2023-02-11 19:59 2023-02-11 19:59 ::1 1

Create {"token":"eyJ0eXAiOiJKV1QiLCJhbGciOiJIUzI1NiJ9.eyJpZCI6MX0.4hZkYAXrV6LTpeAAYb1vNszEAEopbqThZcFNllKZJoc","time":"00:00:01","project_id":"7","description":"bnmasy"} 200 success 2023-02-11 19:59 2023-02-11 19:59 ::1 1

GetProjects {"token":"eyJ0eXAiOiJKV1QiLCJhbGciOiJIUzI1NiJ9.eyJpZCI6MX0.4hZkYAXrV6LTpeAAYb1vNszEAEopbqThZcFNllKZJoc"} 200 success 2023-02-11 20:11 2023-02-11 20:11 ::1 1

GetSessions {"token":"eyJ0eXAiOiJKV1QiLCJhbGciOiJIUzI1NiJ9.eyJpZCI6MX0.4hZkYAXrV6LTpeAAYb1vNszEAEopbqThZcFNllKZJoc"} 200 success 2023-02-11 20:11 2023-02-11 20:11 ::1 1

GetProjects {"token":"eyJ0eXAiOiJKV1QiLCJhbGciOiJIUzI1NiJ9.eyJpZCI6MX0.4hZkYAXrV6LTpeAAYb1vNszEAEopbqThZcFNllKZJoc"} 200 success 2023-02-11 20:11 2023-02-11 20:11 ::1 1

GetSessions {"token":"eyJ0eXAiOiJKV1QiLCJhbGciOiJIUzI1NiJ9.eyJpZCI6MX0.4hZkYAXrV6LTpeAAYb1vNszEAEopbqThZcFNllKZJoc"} 200 success 2023-02-11 20:11 2023-02-11 20:11 ::1 1

GetProjects {"token":"eyJ0eXAiOiJKV1QiLCJhbGciOiJIUzI1NiJ9.eyJpZCI6MX0.4hZkYAXrV6LTpeAAYb1vNszEAEopbqThZcFNllKZJoc"} 200 success 2023-02-11 20:12 2023-02-11 20:12 ::1 1

GetSessions {"token":"eyJ0eXAiOiJKV1QiLCJhbGciOiJIUzI1NiJ9.eyJpZCI6MX0.4hZkYAXrV6LTpeAAYb1vNszEAEopbqThZcFNllKZJoc"} 200 success 2023-02-11 20:12 2023-02-11 20:12 ::1 1

GetProjects {"token":"eyJ0eXAiOiJKV1QiLCJhbGciOiJIUzI1NiJ9.eyJpZCI6MX0.4hZkYAXrV6LTpeAAYb1vNszEAEopbqThZcFNllKZJoc"} 200 success 2023-02-11 20:12 2023-02-11 20:12 ::1 1

GetSessions {"token":"eyJ0eXAiOiJKV1QiLCJhbGciOiJIUzI1NiJ9.eyJpZCI6MX0.4hZkYAXrV6LTpeAAYb1vNszEAEopbqThZcFNllKZJoc"} 200 success 2023-02-11 20:12 2023-02-11 20:12 ::1 1

GetProjects {"token":"eyJ0eXAiOiJKV1QiLCJhbGciOiJIUzI1NiJ9.eyJpZCI6MX0.4hZkYAXrV6LTpeAAYb1vNszEAEopbqThZcFNllKZJoc"} 200 success 2023-02-11 20:13 2023-02-11 20:13 ::1 1

GetSessions {"token":"eyJ0eXAiOiJKV1QiLCJhbGciOiJIUzI1NiJ9.eyJpZCI6MX0.4hZkYAXrV6LTpeAAYb1vNszEAEopbqThZcFNllKZJoc"} 200 success 2023-02-11 20:13 2023-02-11 20:13 ::1 1

GetProjects {"token":"eyJ0eXAiOiJKV1QiLCJhbGciOiJIUzI1NiJ9.eyJpZCI6MX0.4hZkYAXrV6LTpeAAYb1vNszEAEopbqThZcFNllKZJoc"} 200 success 2023-02-11 20:14 2023-02-11 20:14 ::1 1

GetSessions {"token":"eyJ0eXAiOiJKV1QiLCJhbGciOiJIUzI1NiJ9.eyJpZCI6MX0.4hZkYAXrV6LTpeAAYb1vNszEAEopbqThZcFNllKZJoc"} 200 success 2023-02-11 20:14 2023-02-11 20:14 ::1 1

Create {"token":"eyJ0eXAiOiJKV1QiLCJhbGciOiJIUzI1NiJ9.eyJpZCI6MX0.4hZkYAXrV6LTpeAAYb1vNszEAEopbqThZcFNllKZJoc","time":"00:00:00","project_id":"7","description":"lol"} 200 success 2023-02-11 20:15 2023-02-11 20:15 ::1 1

GetProjects {"token":"eyJ0eXAiOiJKV1QiLCJhbGciOiJIUzI1NiJ9.eyJpZCI6MX0.4hZkYAXrV6LTpeAAYb1vNszEAEopbqThZcFNllKZJoc"} 200 success 2023-02-11 20:15 2023-02-11 20:15 ::1 1

GetSessions {"token":"eyJ0eXAiOiJKV1QiLCJhbGciOiJIUzI1NiJ9.eyJpZCI6MX0.4hZkYAXrV6LTpeAAYb1vNszEAEopbqThZcFNllKZJoc"} 200 success 2023-02-11 20:15 2023-02-11 20:15 ::1 1

GetProjects {"token":"eyJ0eXAiOiJKV1QiLCJhbGciOiJIUzI1NiJ9.eyJpZCI6MX0.4hZkYAXrV6LTpeAAYb1vNszEAEopbqThZcFNllKZJoc"} 200 success 2023-02-11 20:17 2023-02-11 20:17 ::1 1

GetSessions {"token":"eyJ0eXAiOiJKV1QiLCJhbGciOiJIUzI1NiJ9.eyJpZCI6MX0.4hZkYAXrV6LTpeAAYb1vNszEAEopbqThZcFNllKZJoc"} 200 success 2023-02-11 20:17 2023-02-11 20:17 ::1 1

GetSessions {"token":"eyJ0eXAiOiJKV1QiLCJhbGciOiJIUzI1NiJ9.eyJpZCI6MX0.4hZkYAXrV6LTpeAAYb1vNszEAEopbqThZcFNllKZJoc"} 200 success 2023-02-11 20:20 2023-02-11 20:20 ::1 1

GetProjects {"token":"eyJ0eXAiOiJKV1QiLCJhbGciOiJIUzI1NiJ9.eyJpZCI6MX0.4hZkYAXrV6LTpeAAYb1vNszEAEopbqThZcFNllKZJoc"} 200 success 2023-02-11 20:20 2023-02-11 20:20 ::1 1

GetProjects {"token":"eyJ0eXAiOiJKV1QiLCJhbGciOiJIUzI1NiJ9.eyJpZCI6MX0.4hZkYAXrV6LTpeAAYb1vNszEAEopbqThZcFNllKZJoc"} 200 success 2023-02-11 20:22 2023-02-11 20:22 ::1 1

GetSessions {"token":"eyJ0eXAiOiJKV1QiLCJhbGciOiJIUzI1NiJ9.eyJpZCI6MX0.4hZkYAXrV6LTpeAAYb1vNszEAEopbqThZcFNllKZJoc"} 200 success 2023-02-11 20:22 2023-02-11 20:22 ::1 1

GetProjects {"token":"eyJ0eXAiOiJKV1QiLCJhbGciOiJIUzI1NiJ9.eyJpZCI6MX0.4hZkYAXrV6LTpeAAYb1vNszEAEopbqThZcFNllKZJoc"} 200 success 2023-02-11 20:23 2023-02-11 20:23 ::1 1

GetSessions {"token":"eyJ0eXAiOiJKV1QiLCJhbGciOiJIUzI1NiJ9.eyJpZCI6MX0.4hZkYAXrV6LTpeAAYb1vNszEAEopbqThZcFNllKZJoc"} 200 success 2023-02-11 20:23 2023-02-11 20:23 ::1 1

Create {"token":"eyJ0eXAiOiJKV1QiLCJhbGciOiJIUzI1NiJ9.eyJpZCI6MX0.4hZkYAXrV6LTpeAAYb1vNszEAEopbqThZcFNllKZJoc","time":"00:00:01","project_id":"6","description":"fol kda"} 200 success 2023-02-11 20:24 2023-02-11 20:24 ::1 1

GetProjects {"token":"eyJ0eXAiOiJKV1QiLCJhbGciOiJIUzI1NiJ9.eyJpZCI6MX0.4hZkYAXrV6LTpeAAYb1vNszEAEopbqThZcFNllKZJoc"} 200 success 2023-02-11 20:24 2023-02-11 20:24 ::1 1

GetSessions {"token":"eyJ0eXAiOiJKV1QiLCJhbGciOiJIUzI1NiJ9.eyJpZCI6MX0.4hZkYAXrV6LTpeAAYb1vNszEAEopbqThZcFNllKZJoc"} 200 success 2023-02-11 20:24 2023-02-11 20:24 ::1 1

Create {"token":"eyJ0eXAiOiJKV1QiLCJhbGciOiJIUzI1NiJ9.eyJpZCI6MX0.4hZkYAXrV6LTpeAAYb1vNszEAEopbqThZcFNllKZJoc","time":"00:00:00","project_id":"7","description":"fol b2aaa"} 200 success 2023-02-11 20:24 2023-02-11 20:24 ::1 1

GetProjects {"token":"eyJ0eXAiOiJKV1QiLCJhbGciOiJIUzI1NiJ9.eyJpZCI6MX0.4hZkYAXrV6LTpeAAYb1vNszEAEopbqThZcFNllKZJoc"} 200 success 2023-02-11 20:25 2023-02-11 20:25 ::1 1

GetSessions {"token":"eyJ0eXAiOiJKV1QiLCJhbGciOiJIUzI1NiJ9.eyJpZCI6MX0.4hZkYAXrV6LTpeAAYb1vNszEAEopbqThZcFNllKZJoc"} 200 success 2023-02-11 20:25 2023-02-11 20:25 ::1 1

Create {"token":"eyJ0eXAiOiJKV1QiLCJhbGciOiJIUzI1NiJ9.eyJpZCI6MX0.4hZkYAXrV6LTpeAAYb1vNszEAEopbqThZcFNllKZJoc","time":"00:00:00","project_id":"7","description":"fol ya3aaaam"} 200 success 2023-02-11 20:25 2023-02-11 20:25 ::1 1

GetSessions {"token":"eyJ0eXAiOiJKV1QiLCJhbGciOiJIUzI1NiJ9.eyJpZCI6MX0.4hZkYAXrV6LTpeAAYb1vNszEAEopbqThZcFNllKZJoc"} 200 success 2023-02-11 20:25 2023-02-11 20:25 ::1 1

GetProjects {"token":"eyJ0eXAiOiJKV1QiLCJhbGciOiJIUzI1NiJ9.eyJpZCI6MX0.4hZkYAXrV6LTpeAAYb1vNszEAEopbqThZcFNllKZJoc"} 200 success 2023-02-11 20:25 2023-02-11 20:25 ::1 1

Create {"token":"eyJ0eXAiOiJKV1QiLCJhbGciOiJIUzI1NiJ9.eyJpZCI6MX0.4hZkYAXrV6LTpeAAYb1vNszEAEopbqThZcFNllKZJoc","time":"00:00:00","project_id":"7","description":"yastaaaaaaaa"} 200 success 2023-02-11 20:25 2023-02-11 20:25 ::1 1

Create {"token":"eyJ0eXAiOiJKV1QiLCJhbGciOiJIUzI1NiJ9.eyJpZCI6MX0.4hZkYAXrV6LTpeAAYb1vNszEAEopbqThZcFNllKZJoc","time":"00:00:00","project_id":"6","description":"hehehe esht8l"} 200 success 2023-02-11 20:26 2023-02-11 20:26 ::1 1

GetSessions {"token":"eyJ0eXAiOiJKV1QiLCJhbGciOiJIUzI1NiJ9.eyJpZCI6MX0.4hZkYAXrV6LTpeAAYb1vNszEAEopbqThZcFNllKZJoc"} 200 success 2023-02-11 20:30 2023-02-11 20:30 ::1 1

GetProjects {"token":"eyJ0eXAiOiJKV1QiLCJhbGciOiJIUzI1NiJ9.eyJpZCI6MX0.4hZkYAXrV6LTpeAAYb1vNszEAEopbqThZcFNllKZJoc"} 200 success 2023-02-11 20:30 2023-02-11 20:30 ::1 1

GetProjects {"token":"eyJ0eXAiOiJKV1QiLCJhbGciOiJIUzI1NiJ9.eyJpZCI6MX0.4hZkYAXrV6LTpeAAYb1vNszEAEopbqThZcFNllKZJoc"} 200 success 2023-02-11 20:32 2023-02-11 20:32 ::1 1

GetSessions {"token":"eyJ0eXAiOiJKV1QiLCJhbGciOiJIUzI1NiJ9.eyJpZCI6MX0.4hZkYAXrV6LTpeAAYb1vNszEAEopbqThZcFNllKZJoc"} 200 success 2023-02-11 20:32 2023-02-11 20:32 ::1 1

Delete {"token":"eyJ0eXAiOiJKV1QiLCJhbGciOiJIUzI1NiJ9.eyJpZCI6MX0.4hZkYAXrV6LTpeAAYb1vNszEAEopbqThZcFNllKZJoc","session_id":"1"} 204 success 2023-02-11 20:32 2023-02-11 20:32 ::1 1

Delete {"token":"eyJ0eXAiOiJKV1QiLCJhbGciOiJIUzI1NiJ9.eyJpZCI6MX0.4hZkYAXrV6LTpeAAYb1vNszEAEopbqThZcFNllKZJoc","session_id":"3"} 204 success 2023-02-11 20:32 2023-02-11 20:32 ::1 1

Delete {"token":"eyJ0eXAiOiJKV1QiLCJhbGciOiJIUzI1NiJ9.eyJpZCI6MX0.4hZkYAXrV6LTpeAAYb1vNszEAEopbqThZcFNllKZJoc","session_id":"4"} 204 success 2023-02-11 20:32 2023-02-11 20:32 ::1 1

Delete {"token":"eyJ0eXAiOiJKV1QiLCJhbGciOiJIUzI1NiJ9.eyJpZCI6MX0.4hZkYAXrV6LTpeAAYb1vNszEAEopbqThZcFNllKZJoc","session_id":"5"} 204 success 2023-02-11 20:32 2023-02-11 20:32 ::1 1

Delete {"token":"eyJ0eXAiOiJKV1QiLCJhbGciOiJIUzI1NiJ9.eyJpZCI6MX0.4hZkYAXrV6LTpeAAYb1vNszEAEopbqThZcFNllKZJoc","session_id":"5"} 404 "Session Not Found" 2023-02-11 20:32 2023-02-11 20:32 ::1 1

Delete {"token":"eyJ0eXAiOiJKV1QiLCJhbGciOiJIUzI1NiJ9.eyJpZCI6MX0.4hZkYAXrV6LTpeAAYb1vNszEAEopbqThZcFNllKZJoc","session_id":"6"} 204 success 2023-02-11 20:32 2023-02-11 20:32 ::1 1

Delete {"token":"eyJ0eXAiOiJKV1QiLCJhbGciOiJIUzI1NiJ9.eyJpZCI6MX0.4hZkYAXrV6LTpeAAYb1vNszEAEopbqThZcFNllKZJoc","session_id":"7"} 204 success 2023-02-11 20:32 2023-02-11 20:32 ::1 1

Delete {"token":"eyJ0eXAiOiJKV1QiLCJhbGciOiJIUzI1NiJ9.eyJpZCI6MX0.4hZkYAXrV6LTpeAAYb1vNszEAEopbqThZcFNllKZJoc","session_id":"8"} 204 success 2023-02-11 20:32 2023-02-11 20:32 ::1 1

Delete {"token":"eyJ0eXAiOiJKV1QiLCJhbGciOiJIUzI1NiJ9.eyJpZCI6MX0.4hZkYAXrV6LTpeAAYb1vNszEAEopbqThZcFNllKZJoc","session_id":"9"} 204 success 2023-02-11 20:32 2023-02-11 20:32 ::1 1

GetProjects {"token":"eyJ0eXAiOiJKV1QiLCJhbGciOiJIUzI1NiJ9.eyJpZCI6MX0.4hZkYAXrV6LTpeAAYb1vNszEAEopbqThZcFNllKZJoc"} 200 success 2023-02-11 20:32 2023-02-11 20:32 ::1 1

GetSessions {"token":"eyJ0eXAiOiJKV1QiLCJhbGciOiJIUzI1NiJ9.eyJpZCI6MX0.4hZkYAXrV6LTpeAAYb1vNszEAEopbqThZcFNllKZJoc"} 204 success 2023-02-11 20:32 2023-02-11 20:32 ::1 1

GetProjects {"token":"eyJ0eXAiOiJKV1QiLCJhbGciOiJIUzI1NiJ9.eyJpZCI6MX0.4hZkYAXrV6LTpeAAYb1vNszEAEopbqThZcFNllKZJoc"} 200 success 2023-02-11 20:59 2023-02-11 20:59 ::1 1

GetSessions {"token":"eyJ0eXAiOiJKV1QiLCJhbGciOiJIUzI1NiJ9.eyJpZCI6MX0.4hZkYAXrV6LTpeAAYb1vNszEAEopbqThZcFNllKZJoc"} 204 success 2023-02-11 20:59 2023-02-11 20:59 ::1 1

Create {"token":"eyJ0eXAiOiJKV1QiLCJhbGciOiJIUzI1NiJ9.eyJpZCI6MX0.4hZkYAXrV6LTpeAAYb1vNszEAEopbqThZcFNllKZJoc","time":"00:00:00","project_id":"6","description":"lol"} 200 success 2023-02-11 20:59 2023-02-11 20:59 ::1 1

Create {"token":"eyJ0eXAiOiJKV1QiLCJhbGciOiJIUzI1NiJ9.eyJpZCI6MX0.4hZkYAXrV6LTpeAAYb1vNszEAEopbqThZcFNllKZJoc","time":"00:00:00","project_id":"6","description":"lol"} 200 success 2023-02-11 21:00 2023-02-11 21:00 ::1 1

